{"numFailedTestSuites":3,"numFailedTests":22,"numPassedTestSuites":24,"numPassedTests":409,"numPendingTestSuites":1,"numPendingTests":24,"numRuntimeErrorTestSuites":0,"numTodoTests":20,"numTotalTestSuites":28,"numTotalTests":475,"openHandles":[],"snapshot":{"added":0,"didUpdate":false,"failure":false,"filesAdded":0,"filesRemoved":0,"filesRemovedList":[],"filesUnmatched":0,"filesUpdated":0,"matched":0,"total":0,"unchecked":0,"uncheckedKeysByFile":[],"unmatched":0,"updated":0},"startTime":1753734715949,"success":false,"testResults":[{"assertionResults":[{"ancestorTitles":["Knock Server - Critical Notification Logic","identifyKnockUser"],"duration":null,"failureDetails":[],"failureMessages":[],"fullName":"Knock Server - Critical Notification Logic identifyKnockUser should identify user successfully when API key is available","invocations":1,"location":{"column":5,"line":56},"numPassingAsserts":0,"retryReasons":[],"status":"pending","title":"should identify user successfully when API key is available"},{"ancestorTitles":["Knock Server - Critical Notification Logic","identifyKnockUser"],"duration":null,"failureDetails":[],"failureMessages":[],"fullName":"Knock Server - Critical Notification Logic identifyKnockUser should handle user identification errors gracefully","invocations":1,"location":{"column":5,"line":76},"numPassingAsserts":0,"retryReasons":[],"status":"pending","title":"should handle user identification errors gracefully"},{"ancestorTitles":["Knock Server - Critical Notification Logic","identifyKnockUser"],"duration":null,"failureDetails":[],"failureMessages":[],"fullName":"Knock Server - Critical Notification Logic identifyKnockUser should warn when API key is not available","invocations":1,"location":{"column":5,"line":93},"numPassingAsserts":0,"retryReasons":[],"status":"pending","title":"should warn when API key is not available"},{"ancestorTitles":["Knock Server - Critical Notification Logic","identifyKnockUser"],"duration":null,"failureDetails":[],"failureMessages":[],"fullName":"Knock Server - Critical Notification Logic identifyKnockUser should handle empty user data","invocations":1,"location":{"column":5,"line":107},"numPassingAsserts":0,"retryReasons":[],"status":"pending","title":"should handle empty user data"},{"ancestorTitles":["Knock Server - Critical Notification Logic","identifyKnockUser"],"duration":null,"failureDetails":[],"failureMessages":[],"fullName":"Knock Server - Critical Notification Logic identifyKnockUser should handle complex user data structures","invocations":1,"location":{"column":5,"line":122},"numPassingAsserts":0,"retryReasons":[],"status":"pending","title":"should handle complex user data structures"},{"ancestorTitles":["Knock Server - Critical Notification Logic","identifyKnockUser"],"duration":null,"failureDetails":[],"failureMessages":[],"fullName":"Knock Server - Critical Notification Logic identifyKnockUser should handle null user data","invocations":1,"location":{"column":5,"line":151},"numPassingAsserts":0,"retryReasons":[],"status":"pending","title":"should handle null user data"},{"ancestorTitles":["Knock Server - Critical Notification Logic","identifyKnockUser"],"duration":null,"failureDetails":[],"failureMessages":[],"fullName":"Knock Server - Critical Notification Logic identifyKnockUser should handle empty userId","invocations":1,"location":{"column":5,"line":166},"numPassingAsserts":0,"retryReasons":[],"status":"pending","title":"should handle empty userId"},{"ancestorTitles":["Knock Server - Critical Notification Logic","triggerKnockWorkflow"],"duration":null,"failureDetails":[],"failureMessages":[],"fullName":"Knock Server - Critical Notification Logic triggerKnockWorkflow should trigger workflow successfully when API key is available","invocations":1,"location":{"column":5,"line":183},"numPassingAsserts":0,"retryReasons":[],"status":"pending","title":"should trigger workflow successfully when API key is available"},{"ancestorTitles":["Knock Server - Critical Notification Logic","triggerKnockWorkflow"],"duration":null,"failureDetails":[],"failureMessages":[],"fullName":"Knock Server - Critical Notification Logic triggerKnockWorkflow should handle workflow trigger errors gracefully","invocations":1,"location":{"column":5,"line":207},"numPassingAsserts":0,"retryReasons":[],"status":"pending","title":"should handle workflow trigger errors gracefully"},{"ancestorTitles":["Knock Server - Critical Notification Logic","triggerKnockWorkflow"],"duration":null,"failureDetails":[],"failureMessages":[],"fullName":"Knock Server - Critical Notification Logic triggerKnockWorkflow should warn when API key is not available","invocations":1,"location":{"column":5,"line":228},"numPassingAsserts":0,"retryReasons":[],"status":"pending","title":"should warn when API key is not available"},{"ancestorTitles":["Knock Server - Critical Notification Logic","triggerKnockWorkflow"],"duration":null,"failureDetails":[],"failureMessages":[],"fullName":"Knock Server - Critical Notification Logic triggerKnockWorkflow should handle empty recipients array","invocations":1,"location":{"column":5,"line":243},"numPassingAsserts":0,"retryReasons":[],"status":"pending","title":"should handle empty recipients array"},{"ancestorTitles":["Knock Server - Critical Notification Logic","triggerKnockWorkflow"],"duration":null,"failureDetails":[],"failureMessages":[],"fullName":"Knock Server - Critical Notification Logic triggerKnockWorkflow should handle single recipient","invocations":1,"location":{"column":5,"line":263},"numPassingAsserts":0,"retryReasons":[],"status":"pending","title":"should handle single recipient"},{"ancestorTitles":["Knock Server - Critical Notification Logic","triggerKnockWorkflow"],"duration":null,"failureDetails":[],"failureMessages":[],"fullName":"Knock Server - Critical Notification Logic triggerKnockWorkflow should handle complex workflow data","invocations":1,"location":{"column":5,"line":283},"numPassingAsserts":0,"retryReasons":[],"status":"pending","title":"should handle complex workflow data"},{"ancestorTitles":["Knock Server - Critical Notification Logic","triggerKnockWorkflow"],"duration":null,"failureDetails":[],"failureMessages":[],"fullName":"Knock Server - Critical Notification Logic triggerKnockWorkflow should handle empty workflow data","invocations":1,"location":{"column":5,"line":318},"numPassingAsserts":0,"retryReasons":[],"status":"pending","title":"should handle empty workflow data"},{"ancestorTitles":["Knock Server - Critical Notification Logic","triggerKnockWorkflow"],"duration":null,"failureDetails":[],"failureMessages":[],"fullName":"Knock Server - Critical Notification Logic triggerKnockWorkflow should handle null workflow data","invocations":1,"location":{"column":5,"line":337},"numPassingAsserts":0,"retryReasons":[],"status":"pending","title":"should handle null workflow data"},{"ancestorTitles":["Knock Server - Critical Notification Logic","Environment Variable Handling"],"duration":null,"failureDetails":[],"failureMessages":[],"fullName":"Knock Server - Critical Notification Logic Environment Variable Handling should handle missing KNOCK_API_KEY environment variable","invocations":1,"location":{"column":5,"line":358},"numPassingAsserts":0,"retryReasons":[],"status":"pending","title":"should handle missing KNOCK_API_KEY environment variable"},{"ancestorTitles":["Knock Server - Critical Notification Logic","Environment Variable Handling"],"duration":null,"failureDetails":[],"failureMessages":[],"fullName":"Knock Server - Critical Notification Logic Environment Variable Handling should handle empty KNOCK_API_KEY environment variable","invocations":1,"location":{"column":5,"line":372},"numPassingAsserts":0,"retryReasons":[],"status":"pending","title":"should handle empty KNOCK_API_KEY environment variable"},{"ancestorTitles":["Knock Server - Critical Notification Logic","Environment Variable Handling"],"duration":null,"failureDetails":[],"failureMessages":[],"fullName":"Knock Server - Critical Notification Logic Environment Variable Handling should handle whitespace-only KNOCK_API_KEY environment variable","invocations":1,"location":{"column":5,"line":385},"numPassingAsserts":0,"retryReasons":[],"status":"pending","title":"should handle whitespace-only KNOCK_API_KEY environment variable"},{"ancestorTitles":["Knock Server - Critical Notification Logic","Integration Scenarios"],"duration":null,"failureDetails":[],"failureMessages":[],"fullName":"Knock Server - Critical Notification Logic Integration Scenarios should handle complete user onboarding workflow","invocations":1,"location":{"column":5,"line":400},"numPassingAsserts":0,"retryReasons":[],"status":"pending","title":"should handle complete user onboarding workflow"},{"ancestorTitles":["Knock Server - Critical Notification Logic","Integration Scenarios"],"duration":null,"failureDetails":[],"failureMessages":[],"fullName":"Knock Server - Critical Notification Logic Integration Scenarios should handle workload allocation notification workflow","invocations":1,"location":{"column":5,"line":434},"numPassingAsserts":0,"retryReasons":[],"status":"pending","title":"should handle workload allocation notification workflow"},{"ancestorTitles":["Knock Server - Critical Notification Logic","Integration Scenarios"],"duration":null,"failureDetails":[],"failureMessages":[],"fullName":"Knock Server - Critical Notification Logic Integration Scenarios should handle error scenarios gracefully","invocations":1,"location":{"column":5,"line":479},"numPassingAsserts":0,"retryReasons":[],"status":"pending","title":"should handle error scenarios gracefully"},{"ancestorTitles":["Knock Server - Critical Notification Logic","Error Handling and Edge Cases"],"duration":null,"failureDetails":[],"failureMessages":[],"fullName":"Knock Server - Critical Notification Logic Error Handling and Edge Cases should handle network timeout errors","invocations":1,"location":{"column":5,"line":509},"numPassingAsserts":0,"retryReasons":[],"status":"pending","title":"should handle network timeout errors"},{"ancestorTitles":["Knock Server - Critical Notification Logic","Error Handling and Edge Cases"],"duration":null,"failureDetails":[],"failureMessages":[],"fullName":"Knock Server - Critical Notification Logic Error Handling and Edge Cases should handle authentication errors","invocations":1,"location":{"column":5,"line":525},"numPassingAsserts":0,"retryReasons":[],"status":"pending","title":"should handle authentication errors"},{"ancestorTitles":["Knock Server - Critical Notification Logic","Error Handling and Edge Cases"],"duration":null,"failureDetails":[],"failureMessages":[],"fullName":"Knock Server - Critical Notification Logic Error Handling and Edge Cases should handle rate limiting errors","invocations":1,"location":{"column":5,"line":541},"numPassingAsserts":0,"retryReasons":[],"status":"pending","title":"should handle rate limiting errors"}],"coverage":{},"endTime":1753734718000,"message":"","name":"/Users/sammcnab/github/workload-wizard/src/__tests__/lib/knock-server.test.ts","startTime":1753734718000,"status":"skipped","summary":""},{"assertionResults":[{"ancestorTitles":["Test Runner API","POST /api/test-runner"],"duration":4,"failureDetails":[{"matcherResult":{"actual":0,"expected":10,"message":"\u001b[2mexpect(\u001b[22m\u001b[31mreceived\u001b[39m\u001b[2m).\u001b[22mtoBe\u001b[2m(\u001b[22m\u001b[32mexpected\u001b[39m\u001b[2m) // Object.is equality\u001b[22m\n\nExpected: \u001b[32m10\u001b[39m\nReceived: \u001b[31m0\u001b[39m","name":"toBe","pass":false}}],"failureMessages":["Error: \u001b[2mexpect(\u001b[22m\u001b[31mreceived\u001b[39m\u001b[2m).\u001b[22mtoBe\u001b[2m(\u001b[22m\u001b[32mexpected\u001b[39m\u001b[2m) // Object.is equality\u001b[22m\n\nExpected: \u001b[32m10\u001b[39m\nReceived: \u001b[31m0\u001b[39m\n    at Object.toBe (/Users/sammcnab/github/workload-wizard/src/__tests__/api/test-runner.test.ts:104:42)\n    at processTicksAndRejections (node:internal/process/task_queues:105:5)"],"fullName":"Test Runner API POST /api/test-runner should run tests successfully with default configuration","invocations":1,"location":{"column":5,"line":69},"numPassingAsserts":2,"retryReasons":[],"status":"failed","title":"should run tests successfully with default configuration"},{"ancestorTitles":["Test Runner API","POST /api/test-runner"],"duration":1,"failureDetails":[{"matcherResult":{"actual":0,"expected":2,"message":"\u001b[2mexpect(\u001b[22m\u001b[31mreceived\u001b[39m\u001b[2m).\u001b[22mtoBe\u001b[2m(\u001b[22m\u001b[32mexpected\u001b[39m\u001b[2m) // Object.is equality\u001b[22m\n\nExpected: \u001b[32m2\u001b[39m\nReceived: \u001b[31m0\u001b[39m","name":"toBe","pass":false}}],"failureMessages":["Error: \u001b[2mexpect(\u001b[22m\u001b[31mreceived\u001b[39m\u001b[2m).\u001b[22mtoBe\u001b[2m(\u001b[22m\u001b[32mexpected\u001b[39m\u001b[2m) // Object.is equality\u001b[22m\n\nExpected: \u001b[32m2\u001b[39m\nReceived: \u001b[31m0\u001b[39m\n    at Object.toBe (/Users/sammcnab/github/workload-wizard/src/__tests__/api/test-runner.test.ts:142:43)\n    at processTicksAndRejections (node:internal/process/task_queues:105:5)"],"fullName":"Test Runner API POST /api/test-runner should handle test failures gracefully","invocations":1,"location":{"column":5,"line":108},"numPassingAsserts":1,"retryReasons":[],"status":"failed","title":"should handle test failures gracefully"},{"ancestorTitles":["Test Runner API","POST /api/test-runner"],"duration":1,"failureDetails":[],"failureMessages":[],"fullName":"Test Runner API POST /api/test-runner should handle exec errors gracefully","invocations":1,"location":{"column":5,"line":146},"numPassingAsserts":2,"retryReasons":[],"status":"passed","title":"should handle exec errors gracefully"},{"ancestorTitles":["Test Runner API","POST /api/test-runner"],"duration":4,"failureDetails":[{"matcherResult":{"actual":true,"expected":false,"message":"\u001b[2mexpect(\u001b[22m\u001b[31mreceived\u001b[39m\u001b[2m).\u001b[22mtoBe\u001b[2m(\u001b[22m\u001b[32mexpected\u001b[39m\u001b[2m) // Object.is equality\u001b[22m\n\nExpected: \u001b[32mfalse\u001b[39m\nReceived: \u001b[31mtrue\u001b[39m","name":"toBe","pass":false}}],"failureMessages":["Error: \u001b[2mexpect(\u001b[22m\u001b[31mreceived\u001b[39m\u001b[2m).\u001b[22mtoBe\u001b[2m(\u001b[22m\u001b[32mexpected\u001b[39m\u001b[2m) // Object.is equality\u001b[22m\n\nExpected: \u001b[32mfalse\u001b[39m\nReceived: \u001b[31mtrue\u001b[39m\n    at Object.toBe (/Users/sammcnab/github/workload-wizard/src/__tests__/api/test-runner.test.ts:184:28)\n    at processTicksAndRejections (node:internal/process/task_queues:105:5)"],"fullName":"Test Runner API POST /api/test-runner should handle invalid JSON response","invocations":1,"location":{"column":5,"line":167},"numPassingAsserts":0,"retryReasons":[],"status":"failed","title":"should handle invalid JSON response"},{"ancestorTitles":["Test Runner API","POST /api/test-runner"],"duration":1,"failureDetails":[{"matcherResult":{"actual":true,"expected":false,"message":"\u001b[2mexpect(\u001b[22m\u001b[31mreceived\u001b[39m\u001b[2m).\u001b[22mtoBe\u001b[2m(\u001b[22m\u001b[32mexpected\u001b[39m\u001b[2m) // Object.is equality\u001b[22m\n\nExpected: \u001b[32mfalse\u001b[39m\nReceived: \u001b[31mtrue\u001b[39m","name":"toBe","pass":false}}],"failureMessages":["Error: \u001b[2mexpect(\u001b[22m\u001b[31mreceived\u001b[39m\u001b[2m).\u001b[22mtoBe\u001b[2m(\u001b[22m\u001b[32mexpected\u001b[39m\u001b[2m) // Object.is equality\u001b[22m\n\nExpected: \u001b[32mfalse\u001b[39m\nReceived: \u001b[31mtrue\u001b[39m\n    at Object.toBe (/Users/sammcnab/github/workload-wizard/src/__tests__/api/test-runner.test.ts:199:28)\n    at processTicksAndRejections (node:internal/process/task_queues:105:5)"],"fullName":"Test Runner API POST /api/test-runner should handle missing request body","invocations":1,"location":{"column":5,"line":188},"numPassingAsserts":0,"retryReasons":[],"status":"failed","title":"should handle missing request body"},{"ancestorTitles":["Test Runner API","POST /api/test-runner"],"duration":0,"failureDetails":[{"matcherResult":{"actual":true,"expected":false,"message":"\u001b[2mexpect(\u001b[22m\u001b[31mreceived\u001b[39m\u001b[2m).\u001b[22mtoBe\u001b[2m(\u001b[22m\u001b[32mexpected\u001b[39m\u001b[2m) // Object.is equality\u001b[22m\n\nExpected: \u001b[32mfalse\u001b[39m\nReceived: \u001b[31mtrue\u001b[39m","name":"toBe","pass":false}}],"failureMessages":["Error: \u001b[2mexpect(\u001b[22m\u001b[31mreceived\u001b[39m\u001b[2m).\u001b[22mtoBe\u001b[2m(\u001b[22m\u001b[32mexpected\u001b[39m\u001b[2m) // Object.is equality\u001b[22m\n\nExpected: \u001b[32mfalse\u001b[39m\nReceived: \u001b[31mtrue\u001b[39m\n    at Object.toBe (/Users/sammcnab/github/workload-wizard/src/__tests__/api/test-runner.test.ts:218:28)\n    at processTicksAndRejections (node:internal/process/task_queues:105:5)"],"fullName":"Test Runner API POST /api/test-runner should handle invalid test type","invocations":1,"location":{"column":5,"line":203},"numPassingAsserts":0,"retryReasons":[],"status":"failed","title":"should handle invalid test type"},{"ancestorTitles":["Test Runner API","POST /api/test-runner"],"duration":0,"failureDetails":[{"matcherResult":{"actual":0,"expected":1,"message":"\u001b[2mexpect(\u001b[22m\u001b[31mreceived\u001b[39m\u001b[2m).\u001b[22mtoBe\u001b[2m(\u001b[22m\u001b[32mexpected\u001b[39m\u001b[2m) // Object.is equality\u001b[22m\n\nExpected: \u001b[32m1\u001b[39m\nReceived: \u001b[31m0\u001b[39m","name":"toBe","pass":false}}],"failureMessages":["Error: \u001b[2mexpect(\u001b[22m\u001b[31mreceived\u001b[39m\u001b[2m).\u001b[22mtoBe\u001b[2m(\u001b[22m\u001b[32mexpected\u001b[39m\u001b[2m) // Object.is equality\u001b[22m\n\nExpected: \u001b[32m1\u001b[39m\nReceived: \u001b[31m0\u001b[39m\n    at Object.toBe (/Users/sammcnab/github/workload-wizard/src/__tests__/api/test-runner.test.ts:258:42)\n    at processTicksAndRejections (node:internal/process/task_queues:105:5)"],"fullName":"Test Runner API POST /api/test-runner should run individual test successfully","invocations":1,"location":{"column":5,"line":222},"numPassingAsserts":1,"retryReasons":[],"status":"failed","title":"should run individual test successfully"},{"ancestorTitles":["Test Runner API","POST /api/test-runner"],"duration":1,"failureDetails":[{"matcherResult":{"actual":true,"expected":false,"message":"\u001b[2mexpect(\u001b[22m\u001b[31mreceived\u001b[39m\u001b[2m).\u001b[22mtoBe\u001b[2m(\u001b[22m\u001b[32mexpected\u001b[39m\u001b[2m) // Object.is equality\u001b[22m\n\nExpected: \u001b[32mfalse\u001b[39m\nReceived: \u001b[31mtrue\u001b[39m","name":"toBe","pass":false}}],"failureMessages":["Error: \u001b[2mexpect(\u001b[22m\u001b[31mreceived\u001b[39m\u001b[2m).\u001b[22mtoBe\u001b[2m(\u001b[22m\u001b[32mexpected\u001b[39m\u001b[2m) // Object.is equality\u001b[22m\n\nExpected: \u001b[32mfalse\u001b[39m\nReceived: \u001b[31mtrue\u001b[39m\n    at Object.toBe (/Users/sammcnab/github/workload-wizard/src/__tests__/api/test-runner.test.ts:277:28)\n    at processTicksAndRejections (node:internal/process/task_queues:105:5)"],"fullName":"Test Runner API POST /api/test-runner should handle missing test ID for individual test","invocations":1,"location":{"column":5,"line":262},"numPassingAsserts":0,"retryReasons":[],"status":"failed","title":"should handle missing test ID for individual test"},{"ancestorTitles":["Test Runner API","GET /api/test-runner"],"duration":0,"failureDetails":[],"failureMessages":[],"fullName":"Test Runner API GET /api/test-runner should return test status successfully","invocations":1,"location":{"column":5,"line":283},"numPassingAsserts":2,"retryReasons":[],"status":"passed","title":"should return test status successfully"},{"ancestorTitles":["Test Runner API","GET /api/test-runner"],"duration":0,"failureDetails":[],"failureMessages":[],"fullName":"Test Runner API GET /api/test-runner should handle test status errors","invocations":1,"location":{"column":5,"line":296},"numPassingAsserts":2,"retryReasons":[],"status":"passed","title":"should handle test status errors"}],"endTime":1753734716704,"message":"\u001b[1m\u001b[31m  \u001b[1m● \u001b[22m\u001b[1mTest Runner API › POST /api/test-runner › should run tests successfully with default configuration\u001b[39m\u001b[22m\n\n    \u001b[2mexpect(\u001b[22m\u001b[31mreceived\u001b[39m\u001b[2m).\u001b[22mtoBe\u001b[2m(\u001b[22m\u001b[32mexpected\u001b[39m\u001b[2m) // Object.is equality\u001b[22m\n\n    Expected: \u001b[32m10\u001b[39m\n    Received: \u001b[31m0\u001b[39m\n\u001b[2m\u001b[22m\n\u001b[2m    \u001b[0m \u001b[90m 102 |\u001b[39m       expect(data\u001b[33m.\u001b[39msuccess)\u001b[33m.\u001b[39mtoBe(\u001b[36mtrue\u001b[39m)\u001b[22m\n\u001b[2m     \u001b[90m 103 |\u001b[39m       expect(data\u001b[33m.\u001b[39mresults)\u001b[33m.\u001b[39mtoBeDefined()\u001b[22m\n\u001b[2m    \u001b[31m\u001b[1m>\u001b[22m\u001b[2m\u001b[39m\u001b[90m 104 |\u001b[39m       expect(data\u001b[33m.\u001b[39mresults\u001b[33m.\u001b[39msummary\u001b[33m.\u001b[39mtotal)\u001b[33m.\u001b[39mtoBe(\u001b[35m10\u001b[39m)\u001b[22m\n\u001b[2m     \u001b[90m     |\u001b[39m                                          \u001b[31m\u001b[1m^\u001b[22m\u001b[2m\u001b[39m\u001b[22m\n\u001b[2m     \u001b[90m 105 |\u001b[39m       expect(data\u001b[33m.\u001b[39mresults\u001b[33m.\u001b[39msummary\u001b[33m.\u001b[39mpassed)\u001b[33m.\u001b[39mtoBe(\u001b[35m10\u001b[39m)\u001b[22m\n\u001b[2m     \u001b[90m 106 |\u001b[39m     })\u001b[22m\n\u001b[2m     \u001b[90m 107 |\u001b[39m\u001b[0m\u001b[22m\n\u001b[2m\u001b[22m\n\u001b[2m      \u001b[2mat Object.toBe (\u001b[22m\u001b[2m\u001b[0m\u001b[36msrc/__tests__/api/test-runner.test.ts\u001b[39m\u001b[0m\u001b[2m:104:42)\u001b[22m\u001b[2m\u001b[22m\n\n\u001b[1m\u001b[31m  \u001b[1m● \u001b[22m\u001b[1mTest Runner API › POST /api/test-runner › should handle test failures gracefully\u001b[39m\u001b[22m\n\n    \u001b[2mexpect(\u001b[22m\u001b[31mreceived\u001b[39m\u001b[2m).\u001b[22mtoBe\u001b[2m(\u001b[22m\u001b[32mexpected\u001b[39m\u001b[2m) // Object.is equality\u001b[22m\n\n    Expected: \u001b[32m2\u001b[39m\n    Received: \u001b[31m0\u001b[39m\n\u001b[2m\u001b[22m\n\u001b[2m    \u001b[0m \u001b[90m 140 |\u001b[39m\u001b[22m\n\u001b[2m     \u001b[90m 141 |\u001b[39m       expect(data\u001b[33m.\u001b[39msuccess)\u001b[33m.\u001b[39mtoBe(\u001b[36mtrue\u001b[39m)\u001b[22m\n\u001b[2m    \u001b[31m\u001b[1m>\u001b[22m\u001b[2m\u001b[39m\u001b[90m 142 |\u001b[39m       expect(data\u001b[33m.\u001b[39mresults\u001b[33m.\u001b[39msummary\u001b[33m.\u001b[39mfailed)\u001b[33m.\u001b[39mtoBe(\u001b[35m2\u001b[39m)\u001b[22m\n\u001b[2m     \u001b[90m     |\u001b[39m                                           \u001b[31m\u001b[1m^\u001b[22m\u001b[2m\u001b[39m\u001b[22m\n\u001b[2m     \u001b[90m 143 |\u001b[39m       expect(data\u001b[33m.\u001b[39mresults\u001b[33m.\u001b[39msummary\u001b[33m.\u001b[39mpassed)\u001b[33m.\u001b[39mtoBe(\u001b[35m8\u001b[39m)\u001b[22m\n\u001b[2m     \u001b[90m 144 |\u001b[39m     })\u001b[22m\n\u001b[2m     \u001b[90m 145 |\u001b[39m\u001b[0m\u001b[22m\n\u001b[2m\u001b[22m\n\u001b[2m      \u001b[2mat Object.toBe (\u001b[22m\u001b[2m\u001b[0m\u001b[36msrc/__tests__/api/test-runner.test.ts\u001b[39m\u001b[0m\u001b[2m:142:43)\u001b[22m\u001b[2m\u001b[22m\n\n\u001b[1m\u001b[31m  \u001b[1m● \u001b[22m\u001b[1mTest Runner API › POST /api/test-runner › should handle invalid JSON response\u001b[39m\u001b[22m\n\n    \u001b[2mexpect(\u001b[22m\u001b[31mreceived\u001b[39m\u001b[2m).\u001b[22mtoBe\u001b[2m(\u001b[22m\u001b[32mexpected\u001b[39m\u001b[2m) // Object.is equality\u001b[22m\n\n    Expected: \u001b[32mfalse\u001b[39m\n    Received: \u001b[31mtrue\u001b[39m\n\u001b[2m\u001b[22m\n\u001b[2m    \u001b[0m \u001b[90m 182 |\u001b[39m       \u001b[36mconst\u001b[39m data \u001b[33m=\u001b[39m \u001b[36mawait\u001b[39m response\u001b[33m.\u001b[39mjson()\u001b[22m\n\u001b[2m     \u001b[90m 183 |\u001b[39m\u001b[22m\n\u001b[2m    \u001b[31m\u001b[1m>\u001b[22m\u001b[2m\u001b[39m\u001b[90m 184 |\u001b[39m       expect(data\u001b[33m.\u001b[39msuccess)\u001b[33m.\u001b[39mtoBe(\u001b[36mfalse\u001b[39m)\u001b[22m\n\u001b[2m     \u001b[90m     |\u001b[39m                            \u001b[31m\u001b[1m^\u001b[22m\u001b[2m\u001b[39m\u001b[22m\n\u001b[2m     \u001b[90m 185 |\u001b[39m       expect(data\u001b[33m.\u001b[39merror)\u001b[33m.\u001b[39mtoContain(\u001b[32m'Invalid JSON response'\u001b[39m)\u001b[22m\n\u001b[2m     \u001b[90m 186 |\u001b[39m     })\u001b[22m\n\u001b[2m     \u001b[90m 187 |\u001b[39m\u001b[0m\u001b[22m\n\u001b[2m\u001b[22m\n\u001b[2m      \u001b[2mat Object.toBe (\u001b[22m\u001b[2m\u001b[0m\u001b[36msrc/__tests__/api/test-runner.test.ts\u001b[39m\u001b[0m\u001b[2m:184:28)\u001b[22m\u001b[2m\u001b[22m\n\n\u001b[1m\u001b[31m  \u001b[1m● \u001b[22m\u001b[1mTest Runner API › POST /api/test-runner › should handle missing request body\u001b[39m\u001b[22m\n\n    \u001b[2mexpect(\u001b[22m\u001b[31mreceived\u001b[39m\u001b[2m).\u001b[22mtoBe\u001b[2m(\u001b[22m\u001b[32mexpected\u001b[39m\u001b[2m) // Object.is equality\u001b[22m\n\n    Expected: \u001b[32mfalse\u001b[39m\n    Received: \u001b[31mtrue\u001b[39m\n\u001b[2m\u001b[22m\n\u001b[2m    \u001b[0m \u001b[90m 197 |\u001b[39m       \u001b[36mconst\u001b[39m data \u001b[33m=\u001b[39m \u001b[36mawait\u001b[39m response\u001b[33m.\u001b[39mjson()\u001b[22m\n\u001b[2m     \u001b[90m 198 |\u001b[39m\u001b[22m\n\u001b[2m    \u001b[31m\u001b[1m>\u001b[22m\u001b[2m\u001b[39m\u001b[90m 199 |\u001b[39m       expect(data\u001b[33m.\u001b[39msuccess)\u001b[33m.\u001b[39mtoBe(\u001b[36mfalse\u001b[39m)\u001b[22m\n\u001b[2m     \u001b[90m     |\u001b[39m                            \u001b[31m\u001b[1m^\u001b[22m\u001b[2m\u001b[39m\u001b[22m\n\u001b[2m     \u001b[90m 200 |\u001b[39m       expect(data\u001b[33m.\u001b[39merror)\u001b[33m.\u001b[39mtoBe(\u001b[32m'Request body is required'\u001b[39m)\u001b[22m\n\u001b[2m     \u001b[90m 201 |\u001b[39m     })\u001b[22m\n\u001b[2m     \u001b[90m 202 |\u001b[39m\u001b[0m\u001b[22m\n\u001b[2m\u001b[22m\n\u001b[2m      \u001b[2mat Object.toBe (\u001b[22m\u001b[2m\u001b[0m\u001b[36msrc/__tests__/api/test-runner.test.ts\u001b[39m\u001b[0m\u001b[2m:199:28)\u001b[22m\u001b[2m\u001b[22m\n\n\u001b[1m\u001b[31m  \u001b[1m● \u001b[22m\u001b[1mTest Runner API › POST /api/test-runner › should handle invalid test type\u001b[39m\u001b[22m\n\n    \u001b[2mexpect(\u001b[22m\u001b[31mreceived\u001b[39m\u001b[2m).\u001b[22mtoBe\u001b[2m(\u001b[22m\u001b[32mexpected\u001b[39m\u001b[2m) // Object.is equality\u001b[22m\n\n    Expected: \u001b[32mfalse\u001b[39m\n    Received: \u001b[31mtrue\u001b[39m\n\u001b[2m\u001b[22m\n\u001b[2m    \u001b[0m \u001b[90m 216 |\u001b[39m       \u001b[36mconst\u001b[39m data \u001b[33m=\u001b[39m \u001b[36mawait\u001b[39m response\u001b[33m.\u001b[39mjson()\u001b[22m\n\u001b[2m     \u001b[90m 217 |\u001b[39m\u001b[22m\n\u001b[2m    \u001b[31m\u001b[1m>\u001b[22m\u001b[2m\u001b[39m\u001b[90m 218 |\u001b[39m       expect(data\u001b[33m.\u001b[39msuccess)\u001b[33m.\u001b[39mtoBe(\u001b[36mfalse\u001b[39m)\u001b[22m\n\u001b[2m     \u001b[90m     |\u001b[39m                            \u001b[31m\u001b[1m^\u001b[22m\u001b[2m\u001b[39m\u001b[22m\n\u001b[2m     \u001b[90m 219 |\u001b[39m       expect(data\u001b[33m.\u001b[39merror)\u001b[33m.\u001b[39mtoBe(\u001b[32m'Invalid test type'\u001b[39m)\u001b[22m\n\u001b[2m     \u001b[90m 220 |\u001b[39m     })\u001b[22m\n\u001b[2m     \u001b[90m 221 |\u001b[39m\u001b[0m\u001b[22m\n\u001b[2m\u001b[22m\n\u001b[2m      \u001b[2mat Object.toBe (\u001b[22m\u001b[2m\u001b[0m\u001b[36msrc/__tests__/api/test-runner.test.ts\u001b[39m\u001b[0m\u001b[2m:218:28)\u001b[22m\u001b[2m\u001b[22m\n\n\u001b[1m\u001b[31m  \u001b[1m● \u001b[22m\u001b[1mTest Runner API › POST /api/test-runner › should run individual test successfully\u001b[39m\u001b[22m\n\n    \u001b[2mexpect(\u001b[22m\u001b[31mreceived\u001b[39m\u001b[2m).\u001b[22mtoBe\u001b[2m(\u001b[22m\u001b[32mexpected\u001b[39m\u001b[2m) // Object.is equality\u001b[22m\n\n    Expected: \u001b[32m1\u001b[39m\n    Received: \u001b[31m0\u001b[39m\n\u001b[2m\u001b[22m\n\u001b[2m    \u001b[0m \u001b[90m 256 |\u001b[39m\u001b[22m\n\u001b[2m     \u001b[90m 257 |\u001b[39m       expect(data\u001b[33m.\u001b[39msuccess)\u001b[33m.\u001b[39mtoBe(\u001b[36mtrue\u001b[39m)\u001b[22m\n\u001b[2m    \u001b[31m\u001b[1m>\u001b[22m\u001b[2m\u001b[39m\u001b[90m 258 |\u001b[39m       expect(data\u001b[33m.\u001b[39mresults\u001b[33m.\u001b[39msummary\u001b[33m.\u001b[39mtotal)\u001b[33m.\u001b[39mtoBe(\u001b[35m1\u001b[39m)\u001b[22m\n\u001b[2m     \u001b[90m     |\u001b[39m                                          \u001b[31m\u001b[1m^\u001b[22m\u001b[2m\u001b[39m\u001b[22m\n\u001b[2m     \u001b[90m 259 |\u001b[39m       expect(data\u001b[33m.\u001b[39mresults\u001b[33m.\u001b[39msummary\u001b[33m.\u001b[39mpassed)\u001b[33m.\u001b[39mtoBe(\u001b[35m1\u001b[39m)\u001b[22m\n\u001b[2m     \u001b[90m 260 |\u001b[39m     })\u001b[22m\n\u001b[2m     \u001b[90m 261 |\u001b[39m\u001b[0m\u001b[22m\n\u001b[2m\u001b[22m\n\u001b[2m      \u001b[2mat Object.toBe (\u001b[22m\u001b[2m\u001b[0m\u001b[36msrc/__tests__/api/test-runner.test.ts\u001b[39m\u001b[0m\u001b[2m:258:42)\u001b[22m\u001b[2m\u001b[22m\n\n\u001b[1m\u001b[31m  \u001b[1m● \u001b[22m\u001b[1mTest Runner API › POST /api/test-runner › should handle missing test ID for individual test\u001b[39m\u001b[22m\n\n    \u001b[2mexpect(\u001b[22m\u001b[31mreceived\u001b[39m\u001b[2m).\u001b[22mtoBe\u001b[2m(\u001b[22m\u001b[32mexpected\u001b[39m\u001b[2m) // Object.is equality\u001b[22m\n\n    Expected: \u001b[32mfalse\u001b[39m\n    Received: \u001b[31mtrue\u001b[39m\n\u001b[2m\u001b[22m\n\u001b[2m    \u001b[0m \u001b[90m 275 |\u001b[39m       \u001b[36mconst\u001b[39m data \u001b[33m=\u001b[39m \u001b[36mawait\u001b[39m response\u001b[33m.\u001b[39mjson()\u001b[22m\n\u001b[2m     \u001b[90m 276 |\u001b[39m\u001b[22m\n\u001b[2m    \u001b[31m\u001b[1m>\u001b[22m\u001b[2m\u001b[39m\u001b[90m 277 |\u001b[39m       expect(data\u001b[33m.\u001b[39msuccess)\u001b[33m.\u001b[39mtoBe(\u001b[36mfalse\u001b[39m)\u001b[22m\n\u001b[2m     \u001b[90m     |\u001b[39m                            \u001b[31m\u001b[1m^\u001b[22m\u001b[2m\u001b[39m\u001b[22m\n\u001b[2m     \u001b[90m 278 |\u001b[39m       expect(data\u001b[33m.\u001b[39merror)\u001b[33m.\u001b[39mtoBe(\u001b[32m'Test ID is required for individual test runs'\u001b[39m)\u001b[22m\n\u001b[2m     \u001b[90m 279 |\u001b[39m     })\u001b[22m\n\u001b[2m     \u001b[90m 280 |\u001b[39m   })\u001b[0m\u001b[22m\n\u001b[2m\u001b[22m\n\u001b[2m      \u001b[2mat Object.toBe (\u001b[22m\u001b[2m\u001b[0m\u001b[36msrc/__tests__/api/test-runner.test.ts\u001b[39m\u001b[0m\u001b[2m:277:28)\u001b[22m\u001b[2m\u001b[22m\n","name":"/Users/sammcnab/github/workload-wizard/src/__tests__/api/test-runner.test.ts","startTime":1753734716408,"status":"failed","summary":""},{"assertionResults":[{"ancestorTitles":["useIsMobile"],"duration":11,"failureDetails":[],"failureMessages":[],"fullName":"useIsMobile should return false for desktop width","invocations":1,"location":{"column":3,"line":26},"numPassingAsserts":1,"retryReasons":[],"status":"passed","title":"should return false for desktop width"},{"ancestorTitles":["useIsMobile"],"duration":1,"failureDetails":[],"failureMessages":[],"fullName":"useIsMobile should return true for mobile width","invocations":1,"location":{"column":3,"line":39},"numPassingAsserts":1,"retryReasons":[],"status":"passed","title":"should return true for mobile width"},{"ancestorTitles":["useIsMobile"],"duration":2,"failureDetails":[],"failureMessages":[],"fullName":"useIsMobile should return true for tablet width (below breakpoint)","invocations":1,"location":{"column":3,"line":52},"numPassingAsserts":1,"retryReasons":[],"status":"passed","title":"should return true for tablet width (below breakpoint)"},{"ancestorTitles":["useIsMobile"],"duration":2,"failureDetails":[],"failureMessages":[],"fullName":"useIsMobile should return false for tablet width (at breakpoint)","invocations":1,"location":{"column":3,"line":65},"numPassingAsserts":1,"retryReasons":[],"status":"passed","title":"should return false for tablet width (at breakpoint)"},{"ancestorTitles":["useIsMobile"],"duration":0,"failureDetails":[{}],"failureMessages":["TypeError: Cannot redefine property: matchMedia\n    at Object.defineProperty (<anonymous>)\n    at Object.defineProperty (/Users/sammcnab/github/workload-wizard/src/__tests__/hooks/use-mobile.test.ts:83:12)\n    at Promise.then.completed (/Users/sammcnab/github/workload-wizard/node_modules/jest-circus/build/utils.js:298:28)\n    at new Promise (<anonymous>)\n    at callAsyncCircusFn (/Users/sammcnab/github/workload-wizard/node_modules/jest-circus/build/utils.js:231:10)\n    at _callCircusTest (/Users/sammcnab/github/workload-wizard/node_modules/jest-circus/build/run.js:316:40)\n    at processTicksAndRejections (node:internal/process/task_queues:105:5)\n    at _runTest (/Users/sammcnab/github/workload-wizard/node_modules/jest-circus/build/run.js:252:3)\n    at _runTestsForDescribeBlock (/Users/sammcnab/github/workload-wizard/node_modules/jest-circus/build/run.js:126:9)\n    at _runTestsForDescribeBlock (/Users/sammcnab/github/workload-wizard/node_modules/jest-circus/build/run.js:121:9)\n    at run (/Users/sammcnab/github/workload-wizard/node_modules/jest-circus/build/run.js:71:3)\n    at runAndTransformResultsToJestFormat (/Users/sammcnab/github/workload-wizard/node_modules/jest-circus/build/legacy-code-todo-rewrite/jestAdapterInit.js:122:21)\n    at jestAdapter (/Users/sammcnab/github/workload-wizard/node_modules/jest-circus/build/legacy-code-todo-rewrite/jestAdapter.js:79:19)\n    at runTestInternal (/Users/sammcnab/github/workload-wizard/node_modules/jest-runner/build/runTest.js:367:16)\n    at runTest (/Users/sammcnab/github/workload-wizard/node_modules/jest-runner/build/runTest.js:444:34)\n    at Object.worker (/Users/sammcnab/github/workload-wizard/node_modules/jest-runner/build/testWorker.js:106:12)"],"fullName":"useIsMobile should handle window resize events","invocations":1,"location":{"column":3,"line":78},"numPassingAsserts":0,"retryReasons":[],"status":"failed","title":"should handle window resize events"},{"ancestorTitles":["useIsMobile"],"duration":0,"failureDetails":[{}],"failureMessages":["TypeError: Cannot redefine property: matchMedia\n    at Object.defineProperty (<anonymous>)\n    at Object.defineProperty (/Users/sammcnab/github/workload-wizard/src/__tests__/hooks/use-mobile.test.ts:126:12)\n    at Promise.then.completed (/Users/sammcnab/github/workload-wizard/node_modules/jest-circus/build/utils.js:298:28)\n    at new Promise (<anonymous>)\n    at callAsyncCircusFn (/Users/sammcnab/github/workload-wizard/node_modules/jest-circus/build/utils.js:231:10)\n    at _callCircusTest (/Users/sammcnab/github/workload-wizard/node_modules/jest-circus/build/run.js:316:40)\n    at processTicksAndRejections (node:internal/process/task_queues:105:5)\n    at _runTest (/Users/sammcnab/github/workload-wizard/node_modules/jest-circus/build/run.js:252:3)\n    at _runTestsForDescribeBlock (/Users/sammcnab/github/workload-wizard/node_modules/jest-circus/build/run.js:126:9)\n    at _runTestsForDescribeBlock (/Users/sammcnab/github/workload-wizard/node_modules/jest-circus/build/run.js:121:9)\n    at run (/Users/sammcnab/github/workload-wizard/node_modules/jest-circus/build/run.js:71:3)\n    at runAndTransformResultsToJestFormat (/Users/sammcnab/github/workload-wizard/node_modules/jest-circus/build/legacy-code-todo-rewrite/jestAdapterInit.js:122:21)\n    at jestAdapter (/Users/sammcnab/github/workload-wizard/node_modules/jest-circus/build/legacy-code-todo-rewrite/jestAdapter.js:79:19)\n    at runTestInternal (/Users/sammcnab/github/workload-wizard/node_modules/jest-runner/build/runTest.js:367:16)\n    at runTest (/Users/sammcnab/github/workload-wizard/node_modules/jest-runner/build/runTest.js:444:34)\n    at Object.worker (/Users/sammcnab/github/workload-wizard/node_modules/jest-runner/build/testWorker.js:106:12)"],"fullName":"useIsMobile should clean up event listeners on unmount","invocations":1,"location":{"column":3,"line":122},"numPassingAsserts":0,"retryReasons":[],"status":"failed","title":"should clean up event listeners on unmount"},{"ancestorTitles":["useIsMobile"],"duration":1,"failureDetails":[],"failureMessages":[],"fullName":"useIsMobile should handle edge case of exactly 768px width","invocations":1,"location":{"column":3,"line":142},"numPassingAsserts":1,"retryReasons":[],"status":"passed","title":"should handle edge case of exactly 768px width"},{"ancestorTitles":["useIsMobile"],"duration":1,"failureDetails":[],"failureMessages":[],"fullName":"useIsMobile should handle edge case of 767px width","invocations":1,"location":{"column":3,"line":154},"numPassingAsserts":1,"retryReasons":[],"status":"passed","title":"should handle edge case of 767px width"}],"endTime":1753734716825,"message":"\u001b[1m\u001b[31m  \u001b[1m● \u001b[22m\u001b[1museIsMobile › should handle window resize events\u001b[39m\u001b[22m\n\n    TypeError: Cannot redefine property: matchMedia\n        at Object.defineProperty (<anonymous>)\n\u001b[2m\u001b[22m\n\u001b[2m    \u001b[0m \u001b[90m 81 |\u001b[39m     \u001b[36mconst\u001b[39m mockRemoveEventListener \u001b[33m=\u001b[39m jest\u001b[33m.\u001b[39mfn()\u001b[22m\n\u001b[2m     \u001b[90m 82 |\u001b[39m     \u001b[22m\n\u001b[2m    \u001b[31m\u001b[1m>\u001b[22m\u001b[2m\u001b[39m\u001b[90m 83 |\u001b[39m     \u001b[33mObject\u001b[39m\u001b[33m.\u001b[39mdefineProperty(window\u001b[33m,\u001b[39m \u001b[32m'matchMedia'\u001b[39m\u001b[33m,\u001b[39m {\u001b[22m\n\u001b[2m     \u001b[90m    |\u001b[39m            \u001b[31m\u001b[1m^\u001b[22m\u001b[2m\u001b[39m\u001b[22m\n\u001b[2m     \u001b[90m 84 |\u001b[39m       writable\u001b[33m:\u001b[39m \u001b[36mtrue\u001b[39m\u001b[33m,\u001b[39m\u001b[22m\n\u001b[2m     \u001b[90m 85 |\u001b[39m       configurable\u001b[33m:\u001b[39m \u001b[36mtrue\u001b[39m\u001b[33m,\u001b[39m\u001b[22m\n\u001b[2m     \u001b[90m 86 |\u001b[39m       value\u001b[33m:\u001b[39m jest\u001b[33m.\u001b[39mfn()\u001b[33m.\u001b[39mmockImplementation(() \u001b[33m=>\u001b[39m ({\u001b[0m\u001b[22m\n\u001b[2m\u001b[22m\n\u001b[2m      \u001b[2mat Object.defineProperty (\u001b[22m\u001b[2m\u001b[0m\u001b[36msrc/__tests__/hooks/use-mobile.test.ts\u001b[39m\u001b[0m\u001b[2m:83:12)\u001b[22m\u001b[2m\u001b[22m\n\n\u001b[1m\u001b[31m  \u001b[1m● \u001b[22m\u001b[1museIsMobile › should clean up event listeners on unmount\u001b[39m\u001b[22m\n\n    TypeError: Cannot redefine property: matchMedia\n        at Object.defineProperty (<anonymous>)\n\u001b[2m\u001b[22m\n\u001b[2m    \u001b[0m \u001b[90m 124 |\u001b[39m     \u001b[36mconst\u001b[39m mockRemoveEventListener \u001b[33m=\u001b[39m jest\u001b[33m.\u001b[39mfn()\u001b[22m\n\u001b[2m     \u001b[90m 125 |\u001b[39m     \u001b[22m\n\u001b[2m    \u001b[31m\u001b[1m>\u001b[22m\u001b[2m\u001b[39m\u001b[90m 126 |\u001b[39m     \u001b[33mObject\u001b[39m\u001b[33m.\u001b[39mdefineProperty(window\u001b[33m,\u001b[39m \u001b[32m'matchMedia'\u001b[39m\u001b[33m,\u001b[39m {\u001b[22m\n\u001b[2m     \u001b[90m     |\u001b[39m            \u001b[31m\u001b[1m^\u001b[22m\u001b[2m\u001b[39m\u001b[22m\n\u001b[2m     \u001b[90m 127 |\u001b[39m       writable\u001b[33m:\u001b[39m \u001b[36mtrue\u001b[39m\u001b[33m,\u001b[39m\u001b[22m\n\u001b[2m     \u001b[90m 128 |\u001b[39m       configurable\u001b[33m:\u001b[39m \u001b[36mtrue\u001b[39m\u001b[33m,\u001b[39m\u001b[22m\n\u001b[2m     \u001b[90m 129 |\u001b[39m       value\u001b[33m:\u001b[39m jest\u001b[33m.\u001b[39mfn()\u001b[33m.\u001b[39mmockImplementation(() \u001b[33m=>\u001b[39m ({\u001b[0m\u001b[22m\n\u001b[2m\u001b[22m\n\u001b[2m      \u001b[2mat Object.defineProperty (\u001b[22m\u001b[2m\u001b[0m\u001b[36msrc/__tests__/hooks/use-mobile.test.ts\u001b[39m\u001b[0m\u001b[2m:126:12)\u001b[22m\u001b[2m\u001b[22m\n","name":"/Users/sammcnab/github/workload-wizard/src/__tests__/hooks/use-mobile.test.ts","startTime":1753734716394,"status":"failed","summary":""},{"assertionResults":[{"ancestorTitles":["Lecturer API - Critical Business Logic","Lecturer Creation"],"duration":1,"failureDetails":[],"failureMessages":[],"fullName":"Lecturer API - Critical Business Logic Lecturer Creation should create lecturer with valid data","invocations":1,"location":{"column":5,"line":28},"numPassingAsserts":2,"retryReasons":[],"status":"passed","title":"should create lecturer with valid data"},{"ancestorTitles":["Lecturer API - Critical Business Logic","Lecturer Creation"],"duration":0,"failureDetails":[],"failureMessages":[],"fullName":"Lecturer API - Critical Business Logic Lecturer Creation should enforce maximum teaching hours constraint","invocations":1,"location":{"column":5,"line":59},"numPassingAsserts":2,"retryReasons":[],"status":"passed","title":"should enforce maximum teaching hours constraint"},{"ancestorTitles":["Lecturer API - Critical Business Logic","Lecturer Updates"],"duration":0,"failureDetails":[],"failureMessages":[],"fullName":"Lecturer API - Critical Business Logic Lecturer Updates should update lecturer workload allocation correctly","invocations":1,"location":{"column":5,"line":87},"numPassingAsserts":2,"retryReasons":[],"status":"passed","title":"should update lecturer workload allocation correctly"},{"ancestorTitles":["Lecturer API - Critical Business Logic","Lecturer Updates"],"duration":0,"failureDetails":[],"failureMessages":[],"fullName":"Lecturer API - Critical Business Logic Lecturer Updates should maintain data consistency during updates","invocations":1,"location":{"column":5,"line":120},"numPassingAsserts":3,"retryReasons":[],"status":"passed","title":"should maintain data consistency during updates"},{"ancestorTitles":["Lecturer API - Critical Business Logic","Workload Validation"],"duration":1,"failureDetails":[],"failureMessages":[],"fullName":"Lecturer API - Critical Business Logic Workload Validation should detect over-allocation scenarios","invocations":1,"location":{"column":5,"line":151},"numPassingAsserts":3,"retryReasons":[],"status":"passed","title":"should detect over-allocation scenarios"},{"ancestorTitles":["Lecturer API - Critical Business Logic","Workload Validation"],"duration":0,"failureDetails":[],"failureMessages":[],"fullName":"Lecturer API - Critical Business Logic Workload Validation should calculate remaining capacity correctly","invocations":1,"location":{"column":5,"line":173},"numPassingAsserts":3,"retryReasons":[],"status":"passed","title":"should calculate remaining capacity correctly"},{"ancestorTitles":["Lecturer API - Critical Business Logic","Bulk Operations"],"duration":0,"failureDetails":[],"failureMessages":[],"fullName":"Lecturer API - Critical Business Logic Bulk Operations should handle bulk lecturer import with validation","invocations":1,"location":{"column":5,"line":197},"numPassingAsserts":3,"retryReasons":[],"status":"passed","title":"should handle bulk lecturer import with validation"},{"ancestorTitles":["Lecturer API - Critical Business Logic","Bulk Operations"],"duration":0,"failureDetails":[],"failureMessages":[],"fullName":"Lecturer API - Critical Business Logic Bulk Operations should handle partial failures in bulk import","invocations":1,"location":{"column":5,"line":254},"numPassingAsserts":2,"retryReasons":[],"status":"passed","title":"should handle partial failures in bulk import"},{"ancestorTitles":["Lecturer API - Critical Business Logic","Status Management"],"duration":0,"failureDetails":[],"failureMessages":[],"fullName":"Lecturer API - Critical Business Logic Status Management should update lecturer status correctly","invocations":1,"location":{"column":5,"line":312},"numPassingAsserts":1,"retryReasons":[],"status":"passed","title":"should update lecturer status correctly"},{"ancestorTitles":["Lecturer API - Critical Business Logic","Status Management"],"duration":0,"failureDetails":[],"failureMessages":[],"fullName":"Lecturer API - Critical Business Logic Status Management should validate status transitions","invocations":1,"location":{"column":5,"line":326},"numPassingAsserts":2,"retryReasons":[],"status":"passed","title":"should validate status transitions"},{"ancestorTitles":["Lecturer API - Critical Business Logic","Data Retrieval"],"duration":1,"failureDetails":[],"failureMessages":[],"fullName":"Lecturer API - Critical Business Logic Data Retrieval should retrieve lecturer by ID with complete data","invocations":1,"location":{"column":5,"line":339},"numPassingAsserts":6,"retryReasons":[],"status":"passed","title":"should retrieve lecturer by ID with complete data"},{"ancestorTitles":["Lecturer API - Critical Business Logic","Data Retrieval"],"duration":0,"failureDetails":[],"failureMessages":[],"fullName":"Lecturer API - Critical Business Logic Data Retrieval should retrieve all lecturers for department overview","invocations":1,"location":{"column":5,"line":376},"numPassingAsserts":3,"retryReasons":[],"status":"passed","title":"should retrieve all lecturers for department overview"},{"ancestorTitles":["Lecturer API - Critical Business Logic","Error Handling"],"duration":0,"failureDetails":[],"failureMessages":[],"fullName":"Lecturer API - Critical Business Logic Error Handling should handle missing required fields gracefully","invocations":1,"location":{"column":5,"line":408},"numPassingAsserts":3,"retryReasons":[],"status":"passed","title":"should handle missing required fields gracefully"},{"ancestorTitles":["Lecturer API - Critical Business Logic","Error Handling"],"duration":0,"failureDetails":[],"failureMessages":[],"fullName":"Lecturer API - Critical Business Logic Error Handling should handle invalid lecturer ID formats","invocations":1,"location":{"column":5,"line":421},"numPassingAsserts":1,"retryReasons":[],"status":"passed","title":"should handle invalid lecturer ID formats"},{"ancestorTitles":["Lecturer API - Critical Business Logic","Performance and Scalability"],"duration":0,"failureDetails":[],"failureMessages":[],"fullName":"Lecturer API - Critical Business Logic Performance and Scalability should handle large lecturer datasets efficiently","invocations":1,"location":{"column":5,"line":431},"numPassingAsserts":2,"retryReasons":[],"status":"passed","title":"should handle large lecturer datasets efficiently"}],"endTime":1753734716889,"message":"","name":"/Users/sammcnab/github/workload-wizard/src/__tests__/api/lecturers.test.ts","startTime":1753734716837,"status":"passed","summary":""},{"assertionResults":[{"ancestorTitles":["Button Component","Rendering"],"duration":61,"failureDetails":[],"failureMessages":[],"fullName":"Button Component Rendering should render button with default variant and proper accessibility","invocations":1,"location":{"column":5,"line":6},"numPassingAsserts":2,"retryReasons":[],"status":"passed","title":"should render button with default variant and proper accessibility"},{"ancestorTitles":["Button Component","Rendering"],"duration":15,"failureDetails":[],"failureMessages":[],"fullName":"Button Component Rendering should render button with different variants correctly","invocations":1,"location":{"column":5,"line":20},"numPassingAsserts":5,"retryReasons":[],"status":"passed","title":"should render button with different variants correctly"},{"ancestorTitles":["Button Component","Rendering"],"duration":12,"failureDetails":[],"failureMessages":[],"fullName":"Button Component Rendering should render button with different sizes correctly","invocations":1,"location":{"column":5,"line":49},"numPassingAsserts":4,"retryReasons":[],"status":"passed","title":"should render button with different sizes correctly"},{"ancestorTitles":["Button Component","Event Handling"],"duration":6,"failureDetails":[],"failureMessages":[],"fullName":"Button Component Event Handling should handle click events correctly","invocations":1,"location":{"column":5,"line":75},"numPassingAsserts":1,"retryReasons":[],"status":"passed","title":"should handle click events correctly"},{"ancestorTitles":["Button Component","Event Handling"],"duration":4,"failureDetails":[],"failureMessages":[],"fullName":"Button Component Event Handling should handle multiple click events","invocations":1,"location":{"column":5,"line":89},"numPassingAsserts":1,"retryReasons":[],"status":"passed","title":"should handle multiple click events"},{"ancestorTitles":["Button Component","Event Handling"],"duration":4,"failureDetails":[],"failureMessages":[],"fullName":"Button Component Event Handling should handle keyboard events correctly","invocations":1,"location":{"column":5,"line":105},"numPassingAsserts":2,"retryReasons":[],"status":"passed","title":"should handle keyboard events correctly"},{"ancestorTitles":["Button Component","Disabled State"],"duration":4,"failureDetails":[],"failureMessages":[],"fullName":"Button Component Disabled State should be disabled when disabled prop is true","invocations":1,"location":{"column":5,"line":128},"numPassingAsserts":2,"retryReasons":[],"status":"passed","title":"should be disabled when disabled prop is true"},{"ancestorTitles":["Button Component","Disabled State"],"duration":3,"failureDetails":[],"failureMessages":[],"fullName":"Button Component Disabled State should not trigger click when disabled","invocations":1,"location":{"column":5,"line":141},"numPassingAsserts":1,"retryReasons":[],"status":"passed","title":"should not trigger click when disabled"},{"ancestorTitles":["Button Component","Disabled State"],"duration":3,"failureDetails":[],"failureMessages":[],"fullName":"Button Component Disabled State should not trigger keyboard events when disabled","invocations":1,"location":{"column":5,"line":154},"numPassingAsserts":2,"retryReasons":[],"status":"passed","title":"should not trigger keyboard events when disabled"},{"ancestorTitles":["Button Component","Accessibility"],"duration":3,"failureDetails":[],"failureMessages":[],"fullName":"Button Component Accessibility should have proper accessibility attributes","invocations":1,"location":{"column":5,"line":172},"numPassingAsserts":2,"retryReasons":[],"status":"passed","title":"should have proper accessibility attributes"},{"ancestorTitles":["Button Component","Accessibility"],"duration":4,"failureDetails":[],"failureMessages":[],"fullName":"Button Component Accessibility should handle form attribute correctly","invocations":1,"location":{"column":5,"line":190},"numPassingAsserts":1,"retryReasons":[],"status":"passed","title":"should handle form attribute correctly"},{"ancestorTitles":["Button Component","Accessibility"],"duration":3,"failureDetails":[],"failureMessages":[],"fullName":"Button Component Accessibility should handle name attribute correctly","invocations":1,"location":{"column":5,"line":199},"numPassingAsserts":1,"retryReasons":[],"status":"passed","title":"should handle name attribute correctly"},{"ancestorTitles":["Button Component","Polymorphic Rendering"],"duration":3,"failureDetails":[],"failureMessages":[],"fullName":"Button Component Polymorphic Rendering should render as a link when asChild is true","invocations":1,"location":{"column":5,"line":210},"numPassingAsserts":2,"retryReasons":[],"status":"passed","title":"should render as a link when asChild is true"},{"ancestorTitles":["Button Component","Polymorphic Rendering"],"duration":2,"failureDetails":[],"failureMessages":[],"fullName":"Button Component Polymorphic Rendering should render as different HTML elements","invocations":1,"location":{"column":5,"line":228},"numPassingAsserts":2,"retryReasons":[],"status":"passed","title":"should render as different HTML elements"},{"ancestorTitles":["Button Component","Styling and Classes"],"duration":2,"failureDetails":[],"failureMessages":[],"fullName":"Button Component Styling and Classes should apply custom className correctly","invocations":1,"location":{"column":5,"line":250},"numPassingAsserts":1,"retryReasons":[],"status":"passed","title":"should apply custom className correctly"},{"ancestorTitles":["Button Component","Styling and Classes"],"duration":10,"failureDetails":[],"failureMessages":[],"fullName":"Button Component Styling and Classes should merge multiple class names correctly","invocations":1,"location":{"column":5,"line":262},"numPassingAsserts":1,"retryReasons":[],"status":"passed","title":"should merge multiple class names correctly"},{"ancestorTitles":["Button Component","Styling and Classes"],"duration":3,"failureDetails":[],"failureMessages":[],"fullName":"Button Component Styling and Classes should handle conditional classes correctly","invocations":1,"location":{"column":5,"line":275},"numPassingAsserts":2,"retryReasons":[],"status":"passed","title":"should handle conditional classes correctly"},{"ancestorTitles":["Button Component","Ref Forwarding"],"duration":2,"failureDetails":[],"failureMessages":[],"fullName":"Button Component Ref Forwarding should forward ref correctly","invocations":1,"location":{"column":5,"line":297},"numPassingAsserts":1,"retryReasons":[],"status":"passed","title":"should forward ref correctly"},{"ancestorTitles":["Button Component","Ref Forwarding"],"duration":1,"failureDetails":[],"failureMessages":[],"fullName":"Button Component Ref Forwarding should forward ref to asChild elements","invocations":1,"location":{"column":5,"line":308},"numPassingAsserts":1,"retryReasons":[],"status":"passed","title":"should forward ref to asChild elements"},{"ancestorTitles":["Button Component","Loading State"],"duration":3,"failureDetails":[],"failureMessages":[],"fullName":"Button Component Loading State should handle loading state correctly","invocations":1,"location":{"column":5,"line":325},"numPassingAsserts":2,"retryReasons":[],"status":"passed","title":"should handle loading state correctly"},{"ancestorTitles":["Button Component","Loading State"],"duration":3,"failureDetails":[],"failureMessages":[],"fullName":"Button Component Loading State should prevent interactions when loading","invocations":1,"location":{"column":5,"line":338},"numPassingAsserts":1,"retryReasons":[],"status":"passed","title":"should prevent interactions when loading"},{"ancestorTitles":["Button Component","Edge Cases"],"duration":2,"failureDetails":[],"failureMessages":[],"fullName":"Button Component Edge Cases should handle empty children gracefully","invocations":1,"location":{"column":5,"line":353},"numPassingAsserts":1,"retryReasons":[],"status":"passed","title":"should handle empty children gracefully"},{"ancestorTitles":["Button Component","Edge Cases"],"duration":1,"failureDetails":[],"failureMessages":[],"fullName":"Button Component Edge Cases should handle null children gracefully","invocations":1,"location":{"column":5,"line":362},"numPassingAsserts":1,"retryReasons":[],"status":"passed","title":"should handle null children gracefully"},{"ancestorTitles":["Button Component","Edge Cases"],"duration":2,"failureDetails":[],"failureMessages":[],"fullName":"Button Component Edge Cases should handle undefined children gracefully","invocations":1,"location":{"column":5,"line":371},"numPassingAsserts":1,"retryReasons":[],"status":"passed","title":"should handle undefined children gracefully"},{"ancestorTitles":["Button Component","Edge Cases"],"duration":2,"failureDetails":[],"failureMessages":[],"fullName":"Button Component Edge Cases should handle complex children correctly","invocations":1,"location":{"column":5,"line":380},"numPassingAsserts":3,"retryReasons":[],"status":"passed","title":"should handle complex children correctly"}],"endTime":1753734717043,"message":"","name":"/Users/sammcnab/github/workload-wizard/src/__tests__/components/ui/button.test.tsx","startTime":1753734716715,"status":"passed","summary":""},{"assertionResults":[{"ancestorTitles":["LandingPage"],"duration":20,"failureDetails":[],"failureMessages":[],"fullName":"LandingPage should render the landing page component","invocations":1,"location":{"column":3,"line":5},"numPassingAsserts":1,"retryReasons":[],"status":"passed","title":"should render the landing page component"},{"ancestorTitles":["LandingPage"],"duration":4,"failureDetails":[],"failureMessages":[],"fullName":"LandingPage should render the main content sections","invocations":1,"location":{"column":3,"line":12},"numPassingAsserts":1,"retryReasons":[],"status":"passed","title":"should render the main content sections"},{"ancestorTitles":["LandingPage"],"duration":19,"failureDetails":[],"failureMessages":[],"fullName":"LandingPage should have proper accessibility attributes","invocations":1,"location":{"column":3,"line":19},"numPassingAsserts":1,"retryReasons":[],"status":"passed","title":"should have proper accessibility attributes"},{"ancestorTitles":["LandingPage"],"duration":3,"failureDetails":[],"failureMessages":[],"fullName":"LandingPage should render main content","invocations":1,"location":{"column":3,"line":27},"numPassingAsserts":1,"retryReasons":[],"status":"passed","title":"should render main content"},{"ancestorTitles":["LandingPage"],"duration":3,"failureDetails":[],"failureMessages":[],"fullName":"LandingPage should have proper semantic structure","invocations":1,"location":{"column":3,"line":34},"numPassingAsserts":1,"retryReasons":[],"status":"passed","title":"should have proper semantic structure"}],"endTime":1753734717050,"message":"","name":"/Users/sammcnab/github/workload-wizard/src/__tests__/components/features/landing-page.test.tsx","startTime":1753734716907,"status":"passed","summary":""},{"assertionResults":[{"ancestorTitles":["Navigation"],"duration":71,"failureDetails":[{}],"failureMessages":["Error: invariant expected app router to be mounted\n    at useRouter (/Users/sammcnab/github/workload-wizard/node_modules/next/src/client/components/navigation.ts:128:11)\n    at Navigation (/Users/sammcnab/github/workload-wizard/src/components/layout/navigation.tsx:32:27)\n    at renderWithHooks (/Users/sammcnab/github/workload-wizard/node_modules/react-dom/cjs/react-dom.development.js:15486:18)\n    at mountIndeterminateComponent (/Users/sammcnab/github/workload-wizard/node_modules/react-dom/cjs/react-dom.development.js:20103:13)\n    at beginWork (/Users/sammcnab/github/workload-wizard/node_modules/react-dom/cjs/react-dom.development.js:21626:16)\n    at beginWork$1 (/Users/sammcnab/github/workload-wizard/node_modules/react-dom/cjs/react-dom.development.js:27465:14)\n    at performUnitOfWork (/Users/sammcnab/github/workload-wizard/node_modules/react-dom/cjs/react-dom.development.js:26599:12)\n    at workLoopSync (/Users/sammcnab/github/workload-wizard/node_modules/react-dom/cjs/react-dom.development.js:26505:5)\n    at renderRootSync (/Users/sammcnab/github/workload-wizard/node_modules/react-dom/cjs/react-dom.development.js:26473:7)\n    at recoverFromConcurrentError (/Users/sammcnab/github/workload-wizard/node_modules/react-dom/cjs/react-dom.development.js:25889:20)\n    at performConcurrentWorkOnRoot (/Users/sammcnab/github/workload-wizard/node_modules/react-dom/cjs/react-dom.development.js:25789:22)\n    at flushActQueue (/Users/sammcnab/github/workload-wizard/node_modules/react/cjs/react.development.js:2667:24)\n    at act (/Users/sammcnab/github/workload-wizard/node_modules/react/cjs/react.development.js:2582:11)\n    at /Users/sammcnab/github/workload-wizard/node_modules/@testing-library/react/dist/act-compat.js:47:25\n    at renderRoot (/Users/sammcnab/github/workload-wizard/node_modules/@testing-library/react/dist/pure.js:180:26)\n    at render (/Users/sammcnab/github/workload-wizard/node_modules/@testing-library/react/dist/pure.js:271:10)\n    at Object.<anonymous> (/Users/sammcnab/github/workload-wizard/src/__tests__/components/layout/navigation.test.tsx:48:11)\n    at Promise.then.completed (/Users/sammcnab/github/workload-wizard/node_modules/jest-circus/build/utils.js:298:28)\n    at new Promise (<anonymous>)\n    at callAsyncCircusFn (/Users/sammcnab/github/workload-wizard/node_modules/jest-circus/build/utils.js:231:10)\n    at _callCircusTest (/Users/sammcnab/github/workload-wizard/node_modules/jest-circus/build/run.js:316:40)\n    at processTicksAndRejections (node:internal/process/task_queues:105:5)\n    at _runTest (/Users/sammcnab/github/workload-wizard/node_modules/jest-circus/build/run.js:252:3)\n    at _runTestsForDescribeBlock (/Users/sammcnab/github/workload-wizard/node_modules/jest-circus/build/run.js:126:9)\n    at _runTestsForDescribeBlock (/Users/sammcnab/github/workload-wizard/node_modules/jest-circus/build/run.js:121:9)\n    at run (/Users/sammcnab/github/workload-wizard/node_modules/jest-circus/build/run.js:71:3)\n    at runAndTransformResultsToJestFormat (/Users/sammcnab/github/workload-wizard/node_modules/jest-circus/build/legacy-code-todo-rewrite/jestAdapterInit.js:122:21)\n    at jestAdapter (/Users/sammcnab/github/workload-wizard/node_modules/jest-circus/build/legacy-code-todo-rewrite/jestAdapter.js:79:19)\n    at runTestInternal (/Users/sammcnab/github/workload-wizard/node_modules/jest-runner/build/runTest.js:367:16)\n    at runTest (/Users/sammcnab/github/workload-wizard/node_modules/jest-runner/build/runTest.js:444:34)\n    at Object.worker (/Users/sammcnab/github/workload-wizard/node_modules/jest-runner/build/testWorker.js:106:12)"],"fullName":"Navigation should render the logo and brand name","invocations":1,"location":{"column":3,"line":47},"numPassingAsserts":0,"retryReasons":[],"status":"failed","title":"should render the logo and brand name"},{"ancestorTitles":["Navigation"],"duration":11,"failureDetails":[{}],"failureMessages":["Error: invariant expected app router to be mounted\n    at useRouter (/Users/sammcnab/github/workload-wizard/node_modules/next/src/client/components/navigation.ts:128:11)\n    at Navigation (/Users/sammcnab/github/workload-wizard/src/components/layout/navigation.tsx:32:27)\n    at renderWithHooks (/Users/sammcnab/github/workload-wizard/node_modules/react-dom/cjs/react-dom.development.js:15486:18)\n    at mountIndeterminateComponent (/Users/sammcnab/github/workload-wizard/node_modules/react-dom/cjs/react-dom.development.js:20103:13)\n    at beginWork (/Users/sammcnab/github/workload-wizard/node_modules/react-dom/cjs/react-dom.development.js:21626:16)\n    at beginWork$1 (/Users/sammcnab/github/workload-wizard/node_modules/react-dom/cjs/react-dom.development.js:27465:14)\n    at performUnitOfWork (/Users/sammcnab/github/workload-wizard/node_modules/react-dom/cjs/react-dom.development.js:26599:12)\n    at workLoopSync (/Users/sammcnab/github/workload-wizard/node_modules/react-dom/cjs/react-dom.development.js:26505:5)\n    at renderRootSync (/Users/sammcnab/github/workload-wizard/node_modules/react-dom/cjs/react-dom.development.js:26473:7)\n    at recoverFromConcurrentError (/Users/sammcnab/github/workload-wizard/node_modules/react-dom/cjs/react-dom.development.js:25889:20)\n    at performConcurrentWorkOnRoot (/Users/sammcnab/github/workload-wizard/node_modules/react-dom/cjs/react-dom.development.js:25789:22)\n    at flushActQueue (/Users/sammcnab/github/workload-wizard/node_modules/react/cjs/react.development.js:2667:24)\n    at act (/Users/sammcnab/github/workload-wizard/node_modules/react/cjs/react.development.js:2582:11)\n    at /Users/sammcnab/github/workload-wizard/node_modules/@testing-library/react/dist/act-compat.js:47:25\n    at renderRoot (/Users/sammcnab/github/workload-wizard/node_modules/@testing-library/react/dist/pure.js:180:26)\n    at render (/Users/sammcnab/github/workload-wizard/node_modules/@testing-library/react/dist/pure.js:271:10)\n    at Object.<anonymous> (/Users/sammcnab/github/workload-wizard/src/__tests__/components/layout/navigation.test.tsx:55:11)\n    at Promise.then.completed (/Users/sammcnab/github/workload-wizard/node_modules/jest-circus/build/utils.js:298:28)\n    at new Promise (<anonymous>)\n    at callAsyncCircusFn (/Users/sammcnab/github/workload-wizard/node_modules/jest-circus/build/utils.js:231:10)\n    at _callCircusTest (/Users/sammcnab/github/workload-wizard/node_modules/jest-circus/build/run.js:316:40)\n    at processTicksAndRejections (node:internal/process/task_queues:105:5)\n    at _runTest (/Users/sammcnab/github/workload-wizard/node_modules/jest-circus/build/run.js:252:3)\n    at _runTestsForDescribeBlock (/Users/sammcnab/github/workload-wizard/node_modules/jest-circus/build/run.js:126:9)\n    at _runTestsForDescribeBlock (/Users/sammcnab/github/workload-wizard/node_modules/jest-circus/build/run.js:121:9)\n    at run (/Users/sammcnab/github/workload-wizard/node_modules/jest-circus/build/run.js:71:3)\n    at runAndTransformResultsToJestFormat (/Users/sammcnab/github/workload-wizard/node_modules/jest-circus/build/legacy-code-todo-rewrite/jestAdapterInit.js:122:21)\n    at jestAdapter (/Users/sammcnab/github/workload-wizard/node_modules/jest-circus/build/legacy-code-todo-rewrite/jestAdapter.js:79:19)\n    at runTestInternal (/Users/sammcnab/github/workload-wizard/node_modules/jest-runner/build/runTest.js:367:16)\n    at runTest (/Users/sammcnab/github/workload-wizard/node_modules/jest-runner/build/runTest.js:444:34)\n    at Object.worker (/Users/sammcnab/github/workload-wizard/node_modules/jest-runner/build/testWorker.js:106:12)"],"fullName":"Navigation should render all navigation items","invocations":1,"location":{"column":3,"line":54},"numPassingAsserts":0,"retryReasons":[],"status":"failed","title":"should render all navigation items"},{"ancestorTitles":["Navigation"],"duration":7,"failureDetails":[{}],"failureMessages":["Error: invariant expected app router to be mounted\n    at useRouter (/Users/sammcnab/github/workload-wizard/node_modules/next/src/client/components/navigation.ts:128:11)\n    at Navigation (/Users/sammcnab/github/workload-wizard/src/components/layout/navigation.tsx:32:27)\n    at renderWithHooks (/Users/sammcnab/github/workload-wizard/node_modules/react-dom/cjs/react-dom.development.js:15486:18)\n    at mountIndeterminateComponent (/Users/sammcnab/github/workload-wizard/node_modules/react-dom/cjs/react-dom.development.js:20103:13)\n    at beginWork (/Users/sammcnab/github/workload-wizard/node_modules/react-dom/cjs/react-dom.development.js:21626:16)\n    at beginWork$1 (/Users/sammcnab/github/workload-wizard/node_modules/react-dom/cjs/react-dom.development.js:27465:14)\n    at performUnitOfWork (/Users/sammcnab/github/workload-wizard/node_modules/react-dom/cjs/react-dom.development.js:26599:12)\n    at workLoopSync (/Users/sammcnab/github/workload-wizard/node_modules/react-dom/cjs/react-dom.development.js:26505:5)\n    at renderRootSync (/Users/sammcnab/github/workload-wizard/node_modules/react-dom/cjs/react-dom.development.js:26473:7)\n    at recoverFromConcurrentError (/Users/sammcnab/github/workload-wizard/node_modules/react-dom/cjs/react-dom.development.js:25889:20)\n    at performConcurrentWorkOnRoot (/Users/sammcnab/github/workload-wizard/node_modules/react-dom/cjs/react-dom.development.js:25789:22)\n    at flushActQueue (/Users/sammcnab/github/workload-wizard/node_modules/react/cjs/react.development.js:2667:24)\n    at act (/Users/sammcnab/github/workload-wizard/node_modules/react/cjs/react.development.js:2582:11)\n    at /Users/sammcnab/github/workload-wizard/node_modules/@testing-library/react/dist/act-compat.js:47:25\n    at renderRoot (/Users/sammcnab/github/workload-wizard/node_modules/@testing-library/react/dist/pure.js:180:26)\n    at render (/Users/sammcnab/github/workload-wizard/node_modules/@testing-library/react/dist/pure.js:271:10)\n    at Object.<anonymous> (/Users/sammcnab/github/workload-wizard/src/__tests__/components/layout/navigation.test.tsx:66:11)\n    at Promise.then.completed (/Users/sammcnab/github/workload-wizard/node_modules/jest-circus/build/utils.js:298:28)\n    at new Promise (<anonymous>)\n    at callAsyncCircusFn (/Users/sammcnab/github/workload-wizard/node_modules/jest-circus/build/utils.js:231:10)\n    at _callCircusTest (/Users/sammcnab/github/workload-wizard/node_modules/jest-circus/build/run.js:316:40)\n    at processTicksAndRejections (node:internal/process/task_queues:105:5)\n    at _runTest (/Users/sammcnab/github/workload-wizard/node_modules/jest-circus/build/run.js:252:3)\n    at _runTestsForDescribeBlock (/Users/sammcnab/github/workload-wizard/node_modules/jest-circus/build/run.js:126:9)\n    at _runTestsForDescribeBlock (/Users/sammcnab/github/workload-wizard/node_modules/jest-circus/build/run.js:121:9)\n    at run (/Users/sammcnab/github/workload-wizard/node_modules/jest-circus/build/run.js:71:3)\n    at runAndTransformResultsToJestFormat (/Users/sammcnab/github/workload-wizard/node_modules/jest-circus/build/legacy-code-todo-rewrite/jestAdapterInit.js:122:21)\n    at jestAdapter (/Users/sammcnab/github/workload-wizard/node_modules/jest-circus/build/legacy-code-todo-rewrite/jestAdapter.js:79:19)\n    at runTestInternal (/Users/sammcnab/github/workload-wizard/node_modules/jest-runner/build/runTest.js:367:16)\n    at runTest (/Users/sammcnab/github/workload-wizard/node_modules/jest-runner/build/runTest.js:444:34)\n    at Object.worker (/Users/sammcnab/github/workload-wizard/node_modules/jest-runner/build/testWorker.js:106:12)"],"fullName":"Navigation should highlight active tab","invocations":1,"location":{"column":3,"line":65},"numPassingAsserts":0,"retryReasons":[],"status":"failed","title":"should highlight active tab"},{"ancestorTitles":["Navigation"],"duration":9,"failureDetails":[{}],"failureMessages":["Error: invariant expected app router to be mounted\n    at useRouter (/Users/sammcnab/github/workload-wizard/node_modules/next/src/client/components/navigation.ts:128:11)\n    at Navigation (/Users/sammcnab/github/workload-wizard/src/components/layout/navigation.tsx:32:27)\n    at renderWithHooks (/Users/sammcnab/github/workload-wizard/node_modules/react-dom/cjs/react-dom.development.js:15486:18)\n    at mountIndeterminateComponent (/Users/sammcnab/github/workload-wizard/node_modules/react-dom/cjs/react-dom.development.js:20103:13)\n    at beginWork (/Users/sammcnab/github/workload-wizard/node_modules/react-dom/cjs/react-dom.development.js:21626:16)\n    at beginWork$1 (/Users/sammcnab/github/workload-wizard/node_modules/react-dom/cjs/react-dom.development.js:27465:14)\n    at performUnitOfWork (/Users/sammcnab/github/workload-wizard/node_modules/react-dom/cjs/react-dom.development.js:26599:12)\n    at workLoopSync (/Users/sammcnab/github/workload-wizard/node_modules/react-dom/cjs/react-dom.development.js:26505:5)\n    at renderRootSync (/Users/sammcnab/github/workload-wizard/node_modules/react-dom/cjs/react-dom.development.js:26473:7)\n    at recoverFromConcurrentError (/Users/sammcnab/github/workload-wizard/node_modules/react-dom/cjs/react-dom.development.js:25889:20)\n    at performConcurrentWorkOnRoot (/Users/sammcnab/github/workload-wizard/node_modules/react-dom/cjs/react-dom.development.js:25789:22)\n    at flushActQueue (/Users/sammcnab/github/workload-wizard/node_modules/react/cjs/react.development.js:2667:24)\n    at act (/Users/sammcnab/github/workload-wizard/node_modules/react/cjs/react.development.js:2582:11)\n    at /Users/sammcnab/github/workload-wizard/node_modules/@testing-library/react/dist/act-compat.js:47:25\n    at renderRoot (/Users/sammcnab/github/workload-wizard/node_modules/@testing-library/react/dist/pure.js:180:26)\n    at render (/Users/sammcnab/github/workload-wizard/node_modules/@testing-library/react/dist/pure.js:271:10)\n    at Object.<anonymous> (/Users/sammcnab/github/workload-wizard/src/__tests__/components/layout/navigation.test.tsx:75:11)\n    at Promise.then.completed (/Users/sammcnab/github/workload-wizard/node_modules/jest-circus/build/utils.js:298:28)\n    at new Promise (<anonymous>)\n    at callAsyncCircusFn (/Users/sammcnab/github/workload-wizard/node_modules/jest-circus/build/utils.js:231:10)\n    at _callCircusTest (/Users/sammcnab/github/workload-wizard/node_modules/jest-circus/build/run.js:316:40)\n    at processTicksAndRejections (node:internal/process/task_queues:105:5)\n    at _runTest (/Users/sammcnab/github/workload-wizard/node_modules/jest-circus/build/run.js:252:3)\n    at _runTestsForDescribeBlock (/Users/sammcnab/github/workload-wizard/node_modules/jest-circus/build/run.js:126:9)\n    at _runTestsForDescribeBlock (/Users/sammcnab/github/workload-wizard/node_modules/jest-circus/build/run.js:121:9)\n    at run (/Users/sammcnab/github/workload-wizard/node_modules/jest-circus/build/run.js:71:3)\n    at runAndTransformResultsToJestFormat (/Users/sammcnab/github/workload-wizard/node_modules/jest-circus/build/legacy-code-todo-rewrite/jestAdapterInit.js:122:21)\n    at jestAdapter (/Users/sammcnab/github/workload-wizard/node_modules/jest-circus/build/legacy-code-todo-rewrite/jestAdapter.js:79:19)\n    at runTestInternal (/Users/sammcnab/github/workload-wizard/node_modules/jest-runner/build/runTest.js:367:16)\n    at runTest (/Users/sammcnab/github/workload-wizard/node_modules/jest-runner/build/runTest.js:444:34)\n    at Object.worker (/Users/sammcnab/github/workload-wizard/node_modules/jest-runner/build/testWorker.js:106:12)"],"fullName":"Navigation should navigate when navigation item is clicked","invocations":1,"location":{"column":3,"line":74},"numPassingAsserts":0,"retryReasons":[],"status":"failed","title":"should navigate when navigation item is clicked"},{"ancestorTitles":["Navigation"],"duration":8,"failureDetails":[{}],"failureMessages":["Error: invariant expected app router to be mounted\n    at useRouter (/Users/sammcnab/github/workload-wizard/node_modules/next/src/client/components/navigation.ts:128:11)\n    at Navigation (/Users/sammcnab/github/workload-wizard/src/components/layout/navigation.tsx:32:27)\n    at renderWithHooks (/Users/sammcnab/github/workload-wizard/node_modules/react-dom/cjs/react-dom.development.js:15486:18)\n    at mountIndeterminateComponent (/Users/sammcnab/github/workload-wizard/node_modules/react-dom/cjs/react-dom.development.js:20103:13)\n    at beginWork (/Users/sammcnab/github/workload-wizard/node_modules/react-dom/cjs/react-dom.development.js:21626:16)\n    at beginWork$1 (/Users/sammcnab/github/workload-wizard/node_modules/react-dom/cjs/react-dom.development.js:27465:14)\n    at performUnitOfWork (/Users/sammcnab/github/workload-wizard/node_modules/react-dom/cjs/react-dom.development.js:26599:12)\n    at workLoopSync (/Users/sammcnab/github/workload-wizard/node_modules/react-dom/cjs/react-dom.development.js:26505:5)\n    at renderRootSync (/Users/sammcnab/github/workload-wizard/node_modules/react-dom/cjs/react-dom.development.js:26473:7)\n    at recoverFromConcurrentError (/Users/sammcnab/github/workload-wizard/node_modules/react-dom/cjs/react-dom.development.js:25889:20)\n    at performConcurrentWorkOnRoot (/Users/sammcnab/github/workload-wizard/node_modules/react-dom/cjs/react-dom.development.js:25789:22)\n    at flushActQueue (/Users/sammcnab/github/workload-wizard/node_modules/react/cjs/react.development.js:2667:24)\n    at act (/Users/sammcnab/github/workload-wizard/node_modules/react/cjs/react.development.js:2582:11)\n    at /Users/sammcnab/github/workload-wizard/node_modules/@testing-library/react/dist/act-compat.js:47:25\n    at renderRoot (/Users/sammcnab/github/workload-wizard/node_modules/@testing-library/react/dist/pure.js:180:26)\n    at render (/Users/sammcnab/github/workload-wizard/node_modules/@testing-library/react/dist/pure.js:271:10)\n    at Object.<anonymous> (/Users/sammcnab/github/workload-wizard/src/__tests__/components/layout/navigation.test.tsx:86:11)\n    at Promise.then.completed (/Users/sammcnab/github/workload-wizard/node_modules/jest-circus/build/utils.js:298:28)\n    at new Promise (<anonymous>)\n    at callAsyncCircusFn (/Users/sammcnab/github/workload-wizard/node_modules/jest-circus/build/utils.js:231:10)\n    at _callCircusTest (/Users/sammcnab/github/workload-wizard/node_modules/jest-circus/build/run.js:316:40)\n    at processTicksAndRejections (node:internal/process/task_queues:105:5)\n    at _runTest (/Users/sammcnab/github/workload-wizard/node_modules/jest-circus/build/run.js:252:3)\n    at _runTestsForDescribeBlock (/Users/sammcnab/github/workload-wizard/node_modules/jest-circus/build/run.js:126:9)\n    at _runTestsForDescribeBlock (/Users/sammcnab/github/workload-wizard/node_modules/jest-circus/build/run.js:121:9)\n    at run (/Users/sammcnab/github/workload-wizard/node_modules/jest-circus/build/run.js:71:3)\n    at runAndTransformResultsToJestFormat (/Users/sammcnab/github/workload-wizard/node_modules/jest-circus/build/legacy-code-todo-rewrite/jestAdapterInit.js:122:21)\n    at jestAdapter (/Users/sammcnab/github/workload-wizard/node_modules/jest-circus/build/legacy-code-todo-rewrite/jestAdapter.js:79:19)\n    at runTestInternal (/Users/sammcnab/github/workload-wizard/node_modules/jest-runner/build/runTest.js:367:16)\n    at runTest (/Users/sammcnab/github/workload-wizard/node_modules/jest-runner/build/runTest.js:444:34)\n    at Object.worker (/Users/sammcnab/github/workload-wizard/node_modules/jest-runner/build/testWorker.js:106:12)"],"fullName":"Navigation should render user profile dropdown","invocations":1,"location":{"column":3,"line":85},"numPassingAsserts":0,"retryReasons":[],"status":"failed","title":"should render user profile dropdown"},{"ancestorTitles":["Navigation"],"duration":10,"failureDetails":[{}],"failureMessages":["Error: invariant expected app router to be mounted\n    at useRouter (/Users/sammcnab/github/workload-wizard/node_modules/next/src/client/components/navigation.ts:128:11)\n    at Navigation (/Users/sammcnab/github/workload-wizard/src/components/layout/navigation.tsx:32:27)\n    at renderWithHooks (/Users/sammcnab/github/workload-wizard/node_modules/react-dom/cjs/react-dom.development.js:15486:18)\n    at mountIndeterminateComponent (/Users/sammcnab/github/workload-wizard/node_modules/react-dom/cjs/react-dom.development.js:20103:13)\n    at beginWork (/Users/sammcnab/github/workload-wizard/node_modules/react-dom/cjs/react-dom.development.js:21626:16)\n    at beginWork$1 (/Users/sammcnab/github/workload-wizard/node_modules/react-dom/cjs/react-dom.development.js:27465:14)\n    at performUnitOfWork (/Users/sammcnab/github/workload-wizard/node_modules/react-dom/cjs/react-dom.development.js:26599:12)\n    at workLoopSync (/Users/sammcnab/github/workload-wizard/node_modules/react-dom/cjs/react-dom.development.js:26505:5)\n    at renderRootSync (/Users/sammcnab/github/workload-wizard/node_modules/react-dom/cjs/react-dom.development.js:26473:7)\n    at recoverFromConcurrentError (/Users/sammcnab/github/workload-wizard/node_modules/react-dom/cjs/react-dom.development.js:25889:20)\n    at performConcurrentWorkOnRoot (/Users/sammcnab/github/workload-wizard/node_modules/react-dom/cjs/react-dom.development.js:25789:22)\n    at flushActQueue (/Users/sammcnab/github/workload-wizard/node_modules/react/cjs/react.development.js:2667:24)\n    at act (/Users/sammcnab/github/workload-wizard/node_modules/react/cjs/react.development.js:2582:11)\n    at /Users/sammcnab/github/workload-wizard/node_modules/@testing-library/react/dist/act-compat.js:47:25\n    at renderRoot (/Users/sammcnab/github/workload-wizard/node_modules/@testing-library/react/dist/pure.js:180:26)\n    at render (/Users/sammcnab/github/workload-wizard/node_modules/@testing-library/react/dist/pure.js:271:10)\n    at Object.<anonymous> (/Users/sammcnab/github/workload-wizard/src/__tests__/components/layout/navigation.test.tsx:92:11)\n    at Promise.then.completed (/Users/sammcnab/github/workload-wizard/node_modules/jest-circus/build/utils.js:298:28)\n    at new Promise (<anonymous>)\n    at callAsyncCircusFn (/Users/sammcnab/github/workload-wizard/node_modules/jest-circus/build/utils.js:231:10)\n    at _callCircusTest (/Users/s
[...]
achingAvailability Function should handle decimal values with proper precision","invocations":1,"location":{"column":5,"line":153},"numPassingAsserts":1,"retryReasons":[],"status":"passed","title":"should handle decimal values with proper precision"},{"ancestorTitles":["Academic Workload Calculator - Critical Business Logic","adminAvailability Function"],"duration":1,"failureDetails":[],"failureMessages":[],"fullName":"Academic Workload Calculator - Critical Business Logic adminAvailability Function should calculate admin availability when lecturer has remaining admin capacity","invocations":1,"location":{"column":5,"line":167},"numPassingAsserts":1,"retryReasons":[],"status":"passed","title":"should calculate admin availability when lecturer has remaining admin capacity"},{"ancestorTitles":["Academic Workload Calculator - Critical Business Logic","adminAvailability Function"],"duration":0,"failureDetails":[],"failureMessages":[],"fullName":"Academic Workload Calculator - Critical Business Logic adminAvailability Function should return zero when lecturer has reached maximum admin hours","invocations":1,"location":{"column":5,"line":179},"numPassingAsserts":1,"retryReasons":[],"status":"passed","title":"should return zero when lecturer has reached maximum admin hours"},{"ancestorTitles":["Academic Workload Calculator - Critical Business Logic","adminAvailability Function"],"duration":0,"failureDetails":[],"failureMessages":[],"fullName":"Academic Workload Calculator - Critical Business Logic adminAvailability Function should return negative availability when lecturer exceeds maximum admin hours","invocations":1,"location":{"column":5,"line":191},"numPassingAsserts":1,"retryReasons":[],"status":"passed","title":"should return negative availability when lecturer exceeds maximum admin hours"},{"ancestorTitles":["Academic Workload Calculator - Critical Business Logic","adminAvailability Function"],"duration":0,"failureDetails":[],"failureMessages":[],"fullName":"Academic Workload Calculator - Critical Business Logic adminAvailability Function should handle decimal values with proper precision","invocations":1,"location":{"column":5,"line":203},"numPassingAsserts":1,"retryReasons":[],"status":"passed","title":"should handle decimal values with proper precision"},{"ancestorTitles":["Academic Workload Calculator - Critical Business Logic","Integration Scenarios - Complete Workload Calculations"],"duration":0,"failureDetails":[],"failureMessages":[],"fullName":"Academic Workload Calculator - Critical Business Logic Integration Scenarios - Complete Workload Calculations should calculate complete workload for a typical lecturer scenario","invocations":1,"location":{"column":5,"line":217},"numPassingAsserts":4,"retryReasons":[],"status":"passed","title":"should calculate complete workload for a typical lecturer scenario"},{"ancestorTitles":["Academic Workload Calculator - Critical Business Logic","Integration Scenarios - Complete Workload Calculations"],"duration":1,"failureDetails":[],"failureMessages":[],"fullName":"Academic Workload Calculator - Critical Business Logic Integration Scenarios - Complete Workload Calculations should handle full allocation scenario where lecturer has no remaining capacity","invocations":1,"location":{"column":5,"line":238},"numPassingAsserts":4,"retryReasons":[],"status":"passed","title":"should handle full allocation scenario where lecturer has no remaining capacity"},{"ancestorTitles":["Academic Workload Calculator - Critical Business Logic","Integration Scenarios - Complete Workload Calculations"],"duration":0,"failureDetails":[],"failureMessages":[],"fullName":"Academic Workload Calculator - Critical Business Logic Integration Scenarios - Complete Workload Calculations should handle over-allocation scenario where lecturer exceeds capacity","invocations":1,"location":{"column":5,"line":259},"numPassingAsserts":4,"retryReasons":[],"status":"passed","title":"should handle over-allocation scenario where lecturer exceeds capacity"},{"ancestorTitles":["Academic Workload Calculator - Critical Business Logic","Edge Cases and Error Handling"],"duration":0,"failureDetails":[],"failureMessages":[],"fullName":"Academic Workload Calculator - Critical Business Logic Edge Cases and Error Handling should handle very large numbers without overflow or precision loss","invocations":1,"location":{"column":5,"line":282},"numPassingAsserts":4,"retryReasons":[],"status":"passed","title":"should handle very large numbers without overflow or precision loss"},{"ancestorTitles":["Academic Workload Calculator - Critical Business Logic","Edge Cases and Error Handling"],"duration":0,"failureDetails":[],"failureMessages":[],"fullName":"Academic Workload Calculator - Critical Business Logic Edge Cases and Error Handling should handle very small decimal numbers with proper precision","invocations":1,"location":{"column":5,"line":293},"numPassingAsserts":4,"retryReasons":[],"status":"passed","title":"should handle very small decimal numbers with proper precision"},{"ancestorTitles":["Academic Workload Calculator - Critical Business Logic","Edge Cases and Error Handling"],"duration":1,"failureDetails":[],"failureMessages":[],"fullName":"Academic Workload Calculator - Critical Business Logic Edge Cases and Error Handling should handle mixed positive and negative values correctly","invocations":1,"location":{"column":5,"line":304},"numPassingAsserts":4,"retryReasons":[],"status":"passed","title":"should handle mixed positive and negative values correctly"},{"ancestorTitles":["Academic Workload Calculator - Critical Business Logic","Performance and Stress Testing"],"duration":0,"failureDetails":[],"failureMessages":[],"fullName":"Academic Workload Calculator - Critical Business Logic Performance and Stress Testing should handle rapid calculations without performance degradation","invocations":1,"location":{"column":5,"line":322},"numPassingAsserts":1,"retryReasons":[],"status":"passed","title":"should handle rapid calculations without performance degradation"},{"ancestorTitles":["Academic Workload Calculator - Critical Business Logic","Performance and Stress Testing"],"duration":0,"failureDetails":[],"failureMessages":[],"fullName":"Academic Workload Calculator - Critical Business Logic Performance and Stress Testing should maintain precision with floating point arithmetic across multiple operations","invocations":1,"location":{"column":5,"line":342},"numPassingAsserts":3,"retryReasons":[],"status":"passed","title":"should maintain precision with floating point arithmetic across multiple operations"}],"endTime":1753734717879,"message":"","name":"/Users/sammcnab/github/workload-wizard/src/__tests__/lib/calculator.test.ts","startTime":1753734717792,"status":"passed","summary":""},{"assertionResults":[{"ancestorTitles":["monitoring","SystemMonitor","getInstance"],"duration":1,"failureDetails":[],"failureMessages":[],"fullName":"monitoring SystemMonitor getInstance should return the same instance","invocations":1,"location":{"column":7,"line":26},"numPassingAsserts":1,"retryReasons":[],"status":"passed","title":"should return the same instance"},{"ancestorTitles":["monitoring","SystemMonitor","startMonitoring"],"duration":0,"failureDetails":[],"failureMessages":[],"fullName":"monitoring SystemMonitor startMonitoring should start monitoring when not already running","invocations":1,"location":{"column":7,"line":34},"numPassingAsserts":1,"retryReasons":[],"status":"passed","title":"should start monitoring when not already running"},{"ancestorTitles":["monitoring","SystemMonitor","startMonitoring"],"duration":0,"failureDetails":[],"failureMessages":[],"fullName":"monitoring SystemMonitor startMonitoring should not start monitoring if already running","invocations":1,"location":{"column":7,"line":42},"numPassingAsserts":1,"retryReasons":[],"status":"passed","title":"should not start monitoring if already running"},{"ancestorTitles":["monitoring","SystemMonitor","stopMonitoring"],"duration":0,"failureDetails":[],"failureMessages":[],"fullName":"monitoring SystemMonitor stopMonitoring should stop monitoring and clear interval","invocations":1,"location":{"column":7,"line":53},"numPassingAsserts":2,"retryReasons":[],"status":"passed","title":"should stop monitoring and clear interval"},{"ancestorTitles":["monitoring","SystemMonitor","collectMetrics"],"duration":1,"failureDetails":[],"failureMessages":[],"fullName":"monitoring SystemMonitor collectMetrics should collect system metrics successfully","invocations":1,"location":{"column":7,"line":65},"numPassingAsserts":8,"retryReasons":[],"status":"passed","title":"should collect system metrics successfully"},{"ancestorTitles":["monitoring","SystemMonitor","collectMetrics"],"duration":0,"failureDetails":[],"failureMessages":[],"fullName":"monitoring SystemMonitor collectMetrics should handle errors gracefully and return fallback metrics","invocations":1,"location":{"column":7,"line":81},"numPassingAsserts":1,"retryReasons":[],"status":"passed","title":"should handle errors gracefully and return fallback metrics"},{"ancestorTitles":["monitoring","SystemMonitor","getMemoryInfo"],"duration":0,"failureDetails":[],"failureMessages":[],"fullName":"monitoring SystemMonitor getMemoryInfo should return memory information","invocations":1,"location":{"column":7,"line":105},"numPassingAsserts":4,"retryReasons":[],"status":"passed","title":"should return memory information"},{"ancestorTitles":["monitoring","SystemMonitor","getCpuInfo"],"duration":0,"failureDetails":[],"failureMessages":[],"fullName":"monitoring SystemMonitor getCpuInfo should return CPU information","invocations":1,"location":{"column":7,"line":116},"numPassingAsserts":4,"retryReasons":[],"status":"passed","title":"should return CPU information"},{"ancestorTitles":["monitoring","SystemMonitor","getActiveUsers"],"duration":0,"failureDetails":[],"failureMessages":[],"fullName":"monitoring SystemMonitor getActiveUsers should return active users count from API","invocations":1,"location":{"column":7,"line":127},"numPassingAsserts":2,"retryReasons":[],"status":"passed","title":"should return active users count from API"},{"ancestorTitles":["monitoring","SystemMonitor","getActiveUsers"],"duration":0,"failureDetails":[],"failureMessages":[],"fullName":"monitoring SystemMonitor getActiveUsers should return fallback value when API fails","invocations":1,"location":{"column":7,"line":140},"numPassingAsserts":3,"retryReasons":[],"status":"passed","title":"should return fallback value when API fails"},{"ancestorTitles":["monitoring","SystemMonitor","getTotalUsers"],"duration":0,"failureDetails":[],"failureMessages":[],"fullName":"monitoring SystemMonitor getTotalUsers should return total users count from API","invocations":1,"location":{"column":7,"line":153},"numPassingAsserts":2,"retryReasons":[],"status":"passed","title":"should return total users count from API"},{"ancestorTitles":["monitoring","SystemMonitor","getTotalUsers"],"duration":0,"failureDetails":[],"failureMessages":[],"fullName":"monitoring SystemMonitor getTotalUsers should return fallback value when API fails","invocations":1,"location":{"column":7,"line":166},"numPassingAsserts":3,"retryReasons":[],"status":"passed","title":"should return fallback value when API fails"},{"ancestorTitles":["monitoring","SystemMonitor","getDatabaseQueries"],"duration":0,"failureDetails":[],"failureMessages":[],"fullName":"monitoring SystemMonitor getDatabaseQueries should return simulated database queries count","invocations":1,"location":{"column":7,"line":179},"numPassingAsserts":3,"retryReasons":[],"status":"passed","title":"should return simulated database queries count"},{"ancestorTitles":["monitoring","SystemMonitor","getApiRequests"],"duration":0,"failureDetails":[],"failureMessages":[],"fullName":"monitoring SystemMonitor getApiRequests should return simulated API requests count","invocations":1,"location":{"column":7,"line":189},"numPassingAsserts":3,"retryReasons":[],"status":"passed","title":"should return simulated API requests count"},{"ancestorTitles":["monitoring","SystemMonitor","getErrorRate"],"duration":0,"failureDetails":[],"failureMessages":[],"fullName":"monitoring SystemMonitor getErrorRate should return simulated error rate","invocations":1,"location":{"column":7,"line":199},"numPassingAsserts":3,"retryReasons":[],"status":"passed","title":"should return simulated error rate"},{"ancestorTitles":["monitoring","healthCheck"],"duration":0,"failureDetails":[],"failureMessages":[],"fullName":"monitoring healthCheck should return true when health check succeeds","invocations":1,"location":{"column":5,"line":210},"numPassingAsserts":2,"retryReasons":[],"status":"passed","title":"should return true when health check succeeds"},{"ancestorTitles":["monitoring","healthCheck"],"duration":0,"failureDetails":[],"failureMessages":[],"fullName":"monitoring healthCheck should return false when health check fails","invocations":1,"location":{"column":5,"line":220},"numPassingAsserts":1,"retryReasons":[],"status":"passed","title":"should return false when health check fails"},{"ancestorTitles":["monitoring","healthCheck"],"duration":0,"failureDetails":[],"failureMessages":[],"fullName":"monitoring healthCheck should return false when health check throws error","invocations":1,"location":{"column":5,"line":229},"numPassingAsserts":1,"retryReasons":[],"status":"passed","title":"should return false when health check throws error"}],"endTime":1753734717889,"message":"","name":"/Users/sammcnab/github/workload-wizard/src/__tests__/lib/monitoring.test.ts","startTime":1753734717823,"status":"passed","summary":""},{"assertionResults":[{"ancestorTitles":["Simple Test Suite"],"duration":1,"failureDetails":[],"failureMessages":[],"fullName":"Simple Test Suite should pass a basic test","invocations":1,"location":{"column":3,"line":14},"numPassingAsserts":1,"retryReasons":[],"status":"passed","title":"should pass a basic test"},{"ancestorTitles":["Simple Test Suite"],"duration":1,"failureDetails":[],"failureMessages":[],"fullName":"Simple Test Suite should handle string operations","invocations":1,"location":{"column":3,"line":25},"numPassingAsserts":1,"retryReasons":[],"status":"passed","title":"should handle string operations"},{"ancestorTitles":["Simple Test Suite"],"duration":0,"failureDetails":[],"failureMessages":[],"fullName":"Simple Test Suite should handle array operations","invocations":1,"location":{"column":3,"line":37},"numPassingAsserts":2,"retryReasons":[],"status":"passed","title":"should handle array operations"},{"ancestorTitles":["Simple Test Suite"],"duration":1,"failureDetails":[],"failureMessages":[],"fullName":"Simple Test Suite should handle async operations","invocations":1,"location":{"column":3,"line":50},"numPassingAsserts":1,"retryReasons":[],"status":"passed","title":"should handle async operations"}],"endTime":1753734717919,"message":"","name":"/Users/sammcnab/github/workload-wizard/src/__tests__/simple.test.ts","startTime":1753734717882,"status":"passed","summary":""},{"assertionResults":[{"ancestorTitles":["TestHistoryManager","saveTestResult"],"duration":1,"failureDetails":[],"failureMessages":[],"fullName":"TestHistoryManager saveTestResult should save test result to history","invocations":1,"location":{"column":5,"line":122},"numPassingAsserts":2,"retryReasons":[],"status":"passed","title":"should save test result to history"},{"ancestorTitles":["TestHistoryManager","saveTestResult"],"duration":0,"failureDetails":[],"failureMessages":[],"fullName":"TestHistoryManager saveTestResult should limit history to max entries","invocations":1,"location":{"column":5,"line":155},"numPassingAsserts":1,"retryReasons":[],"status":"passed","title":"should limit history to max entries"},{"ancestorTitles":["TestHistoryManager","getTestHistory"],"duration":1,"failureDetails":[],"failureMessages":[],"fullName":"TestHistoryManager getTestHistory should return limited test history","invocations":1,"location":{"column":5,"line":188},"numPassingAsserts":2,"retryReasons":[],"status":"passed","title":"should return limited test history"},{"ancestorTitles":["TestHistoryManager","getTestHistory"],"duration":0,"failureDetails":[],"failureMessages":[],"fullName":"TestHistoryManager getTestHistory should return empty array when no history exists","invocations":1,"location":{"column":5,"line":207},"numPassingAsserts":1,"retryReasons":[],"status":"passed","title":"should return empty array when no history exists"},{"ancestorTitles":["TestHistoryManager","getTestResult"],"duration":0,"failureDetails":[],"failureMessages":[],"fullName":"TestHistoryManager getTestResult should return specific test result","invocations":1,"location":{"column":5,"line":219},"numPassingAsserts":1,"retryReasons":[],"status":"passed","title":"should return specific test result"},{"ancestorTitles":["TestHistoryManager","getTestResult"],"duration":0,"failureDetails":[],"failureMessages":[],"fullName":"TestHistoryManager getTestResult should return null when test result not found","invocations":1,"location":{"column":5,"line":239},"numPassingAsserts":1,"retryReasons":[],"status":"passed","title":"should return null when test result not found"},{"ancestorTitles":["TestHistoryManager","getTestStats"],"duration":1,"failureDetails":[],"failureMessages":[],"fullName":"TestHistoryManager getTestStats should calculate test statistics correctly","invocations":1,"location":{"column":5,"line":251},"numPassingAsserts":8,"retryReasons":[],"status":"passed","title":"should calculate test statistics correctly"},{"ancestorTitles":["TestHistoryManager","getTestStats"],"duration":0,"failureDetails":[],"failureMessages":[],"fullName":"TestHistoryManager getTestStats should return default stats when no history exists","invocations":1,"location":{"column":5,"line":287},"numPassingAsserts":8,"retryReasons":[],"status":"passed","title":"should return default stats when no history exists"},{"ancestorTitles":["TestHistoryManager","deleteTestResult"],"duration":0,"failureDetails":[],"failureMessages":[],"fullName":"TestHistoryManager deleteTestResult should delete specific test result","invocations":1,"location":{"column":5,"line":306},"numPassingAsserts":4,"retryReasons":[],"status":"passed","title":"should delete specific test result"},{"ancestorTitles":["TestHistoryManager","deleteTestResult"],"duration":0,"failureDetails":[],"failureMessages":[],"fullName":"TestHistoryManager deleteTestResult should return false when test result not found","invocations":1,"location":{"column":5,"line":326},"numPassingAsserts":1,"retryReasons":[],"status":"passed","title":"should return false when test result not found"},{"ancestorTitles":["TestHistoryManager","clearHistory"],"duration":1,"failureDetails":[],"failureMessages":[],"fullName":"TestHistoryManager clearHistory should clear all test history","invocations":1,"location":{"column":5,"line":338},"numPassingAsserts":1,"retryReasons":[],"status":"passed","title":"should clear all test history"},{"ancestorTitles":["TestHistoryManager","error handling"],"duration":0,"failureDetails":[],"failureMessages":[],"fullName":"TestHistoryManager error handling should handle file read errors gracefully","invocations":1,"location":{"column":5,"line":348},"numPassingAsserts":1,"retryReasons":[],"status":"passed","title":"should handle file read errors gracefully"},{"ancestorTitles":["TestHistoryManager","error handling"],"duration":0,"failureDetails":[],"failureMessages":[],"fullName":"TestHistoryManager error handling should handle file write errors gracefully","invocations":1,"location":{"column":5,"line":358},"numPassingAsserts":1,"retryReasons":[],"status":"passed","title":"should handle file write errors gracefully"}],"endTime":1753734717926,"message":"","name":"/Users/sammcnab/github/workload-wizard/src/__tests__/lib/test-history.test.ts","startTime":1753734717872,"status":"passed","summary":""}],"wasInterrupted":false}
